2018-08-24 at 15:44:25 CST [background-preinit] INFO  org.hibernate.validator.internal.util.Version   - HV000001: Hibernate Validator 6.0.9.Final
2018-08-24 at 15:44:25 CST [main] INFO  com.saf.als.TomcatRun   - Starting TomcatRun on zhaozengbindeMacBook-Pro.local with PID 31590 (/Users/zhaozengbin/git/com-saf-parent/com-saf-als/target/classes started by zhaozengbin in /Users/zhaozengbin/git/com-saf-parent/com-saf-als)
2018-08-24 at 15:44:25 CST [main] INFO  com.saf.als.TomcatRun   - The following profiles are active: @profiles.active@
2018-08-24 at 15:44:25 CST [main] INFO  org.springframework.boot.web.servlet.context.AnnotationConfigServletWebServerApplicationContext   - Refreshing org.springframework.boot.web.servlet.context.AnnotationConfigServletWebServerApplicationContext@3ab89bac: startup date [Fri Aug 24 15:44:25 CST 2018]; root of context hierarchy
2018-08-24 at 15:44:26 CST [main] INFO  org.springframework.beans.factory.annotation.AutowiredAnnotationBeanPostProcessor   - JSR-330 'javax.inject.Inject' annotation found and supported for autowiring
2018-08-24 at 15:44:26 CST [main] INFO  org.springframework.context.support.PostProcessorRegistrationDelegate$BeanPostProcessorChecker   - Bean 'org.springframework.transaction.annotation.ProxyTransactionManagementConfiguration' of type [org.springframework.transaction.annotation.ProxyTransactionManagementConfiguration$$EnhancerBySpringCGLIB$$35453ee9] is not eligible for getting processed by all BeanPostProcessors (for example: not eligible for auto-proxying)
2018-08-24 at 15:44:27 CST [main] INFO  org.springframework.boot.web.embedded.tomcat.TomcatWebServer   - Tomcat initialized with port(s): 8080 (http)
2018-08-24 at 15:44:27 CST [localhost-startStop-1] INFO  org.springframework.web.context.ContextLoader   - Root WebApplicationContext: initialization completed in 2352 ms
2018-08-24 at 15:44:28 CST [localhost-startStop-1] INFO  org.springframework.boot.web.servlet.ServletRegistrationBean   - Servlet dispatcherServlet mapped to [/]
2018-08-24 at 15:44:28 CST [localhost-startStop-1] INFO  org.springframework.boot.web.servlet.FilterRegistrationBean   - Mapping filter: 'characterEncodingFilter' to: [/*]
2018-08-24 at 15:44:28 CST [localhost-startStop-1] INFO  org.springframework.boot.web.servlet.FilterRegistrationBean   - Mapping filter: 'hiddenHttpMethodFilter' to: [/*]
2018-08-24 at 15:44:28 CST [localhost-startStop-1] INFO  org.springframework.boot.web.servlet.FilterRegistrationBean   - Mapping filter: 'httpPutFormContentFilter' to: [/*]
2018-08-24 at 15:44:28 CST [localhost-startStop-1] INFO  org.springframework.boot.web.servlet.FilterRegistrationBean   - Mapping filter: 'requestContextFilter' to: [/*]
2018-08-24 at 15:44:28 CST [main] INFO  org.springframework.jdbc.datasource.init.ScriptUtils   - Executing SQL script from URL [jar:file:/Users/zhaozengbin/.m2/repository/com/saf/com-saf-core/1.0-SNAPSHOT/com-saf-core-1.0-SNAPSHOT.jar!/schema.sql]
2018-08-24 at 15:44:28 CST [main] INFO  org.springframework.jdbc.datasource.init.ScriptUtils   - Executed SQL script from URL [jar:file:/Users/zhaozengbin/.m2/repository/com/saf/com-saf-core/1.0-SNAPSHOT/com-saf-core-1.0-SNAPSHOT.jar!/schema.sql] in 37 ms.
2018-08-24 at 15:44:28 CST [main] INFO  org.springframework.jdbc.datasource.init.ScriptUtils   - Executing SQL script from URL [jar:file:/Users/zhaozengbin/.m2/repository/com/saf/com-saf-core/1.0-SNAPSHOT/com-saf-core-1.0-SNAPSHOT.jar!/data.sql]
2018-08-24 at 15:44:28 CST [main] WARN  org.springframework.boot.web.servlet.context.AnnotationConfigServletWebServerApplicationContext   - Exception encountered during context initialization - cancelling refresh attempt: org.springframework.beans.factory.UnsatisfiedDependencyException: Error creating bean with name 'org.springframework.boot.autoconfigure.orm.jpa.HibernateJpaConfiguration': Unsatisfied dependency expressed through constructor parameter 0; nested exception is org.springframework.beans.factory.BeanCreationException: Error creating bean with name 'dataSource' defined in class path resource [org/springframework/boot/autoconfigure/jdbc/DataSourceConfiguration$Hikari.class]: Initialization of bean failed; nested exception is org.springframework.beans.factory.BeanCreationException: Error creating bean with name 'org.springframework.boot.autoconfigure.jdbc.DataSourceInitializerInvoker': Invocation of init method failed; nested exception is org.springframework.jdbc.datasource.init.ScriptStatementFailedException: Failed to execute SQL script statement #1 of URL [jar:file:/Users/zhaozengbin/.m2/repository/com/saf/com-saf-core/1.0-SNAPSHOT/com-saf-core-1.0-SNAPSHOT.jar!/data.sql]: insert into sec_user values('admin','admin'); nested exception is org.h2.jdbc.JdbcSQLException: Column count does not match; SQL statement:
insert into sec_user values('admin','admin') [21002-197]
2018-08-24 at 15:48:30 CST [background-preinit] INFO  org.hibernate.validator.internal.util.Version   - HV000001: Hibernate Validator 6.0.9.Final
2018-08-24 at 15:48:30 CST [main] INFO  com.saf.als.TomcatRun   - Starting TomcatRun on zhaozengbindeMacBook-Pro.local with PID 31637 (/Users/zhaozengbin/git/com-saf-parent/com-saf-als/target/classes started by zhaozengbin in /Users/zhaozengbin/git/com-saf-parent/com-saf-als)
2018-08-24 at 15:48:30 CST [main] INFO  com.saf.als.TomcatRun   - The following profiles are active: @profiles.active@
2018-08-24 at 15:48:30 CST [main] INFO  org.springframework.boot.web.servlet.context.AnnotationConfigServletWebServerApplicationContext   - Refreshing org.springframework.boot.web.servlet.context.AnnotationConfigServletWebServerApplicationContext@5cb5d4ae: startup date [Fri Aug 24 15:48:30 CST 2018]; root of context hierarchy
2018-08-24 at 15:48:31 CST [main] INFO  org.springframework.beans.factory.annotation.AutowiredAnnotationBeanPostProcessor   - JSR-330 'javax.inject.Inject' annotation found and supported for autowiring
2018-08-24 at 15:48:32 CST [main] INFO  org.springframework.context.support.PostProcessorRegistrationDelegate$BeanPostProcessorChecker   - Bean 'org.springframework.transaction.annotation.ProxyTransactionManagementConfiguration' of type [org.springframework.transaction.annotation.ProxyTransactionManagementConfiguration$$EnhancerBySpringCGLIB$$c349f1c] is not eligible for getting processed by all BeanPostProcessors (for example: not eligible for auto-proxying)
2018-08-24 at 15:48:32 CST [main] INFO  org.springframework.boot.web.embedded.tomcat.TomcatWebServer   - Tomcat initialized with port(s): 8080 (http)
2018-08-24 at 15:48:32 CST [localhost-startStop-1] INFO  org.springframework.web.context.ContextLoader   - Root WebApplicationContext: initialization completed in 2183 ms
2018-08-24 at 15:48:33 CST [localhost-startStop-1] INFO  org.springframework.boot.web.servlet.ServletRegistrationBean   - Servlet dispatcherServlet mapped to [/]
2018-08-24 at 15:48:33 CST [localhost-startStop-1] INFO  org.springframework.boot.web.servlet.FilterRegistrationBean   - Mapping filter: 'characterEncodingFilter' to: [/*]
2018-08-24 at 15:48:33 CST [localhost-startStop-1] INFO  org.springframework.boot.web.servlet.FilterRegistrationBean   - Mapping filter: 'hiddenHttpMethodFilter' to: [/*]
2018-08-24 at 15:48:33 CST [localhost-startStop-1] INFO  org.springframework.boot.web.servlet.FilterRegistrationBean   - Mapping filter: 'httpPutFormContentFilter' to: [/*]
2018-08-24 at 15:48:33 CST [localhost-startStop-1] INFO  org.springframework.boot.web.servlet.FilterRegistrationBean   - Mapping filter: 'requestContextFilter' to: [/*]
2018-08-24 at 15:48:33 CST [main] INFO  org.springframework.jdbc.datasource.init.ScriptUtils   - Executing SQL script from URL [jar:file:/Users/zhaozengbin/.m2/repository/com/saf/com-saf-core/1.0-SNAPSHOT/com-saf-core-1.0-SNAPSHOT.jar!/schema.sql]
2018-08-24 at 15:48:33 CST [main] INFO  org.springframework.jdbc.datasource.init.ScriptUtils   - Executed SQL script from URL [jar:file:/Users/zhaozengbin/.m2/repository/com/saf/com-saf-core/1.0-SNAPSHOT/com-saf-core-1.0-SNAPSHOT.jar!/schema.sql] in 38 ms.
2018-08-24 at 15:48:33 CST [main] INFO  org.springframework.jdbc.datasource.init.ScriptUtils   - Executing SQL script from URL [jar:file:/Users/zhaozengbin/.m2/repository/com/saf/com-saf-core/1.0-SNAPSHOT/com-saf-core-1.0-SNAPSHOT.jar!/data.sql]
2018-08-24 at 15:48:33 CST [main] WARN  org.springframework.boot.web.servlet.context.AnnotationConfigServletWebServerApplicationContext   - Exception encountered during context initialization - cancelling refresh attempt: org.springframework.beans.factory.UnsatisfiedDependencyException: Error creating bean with name 'org.springframework.boot.autoconfigure.orm.jpa.HibernateJpaConfiguration': Unsatisfied dependency expressed through constructor parameter 0; nested exception is org.springframework.beans.factory.BeanCreationException: Error creating bean with name 'dataSource' defined in class path resource [org/springframework/boot/autoconfigure/jdbc/DataSourceConfiguration$Hikari.class]: Initialization of bean failed; nested exception is org.springframework.beans.factory.BeanCreationException: Error creating bean with name 'org.springframework.boot.autoconfigure.jdbc.DataSourceInitializerInvoker': Invocation of init method failed; nested exception is org.springframework.jdbc.datasource.init.ScriptStatementFailedException: Failed to execute SQL script statement #1 of URL [jar:file:/Users/zhaozengbin/.m2/repository/com/saf/com-saf-core/1.0-SNAPSHOT/com-saf-core-1.0-SNAPSHOT.jar!/data.sql]: insert into sec_user values('admin','admin'); nested exception is org.h2.jdbc.JdbcSQLException: Column count does not match; SQL statement:
insert into sec_user values('admin','admin') [21002-197]
2018-08-24 at 15:51:48 CST [background-preinit] INFO  org.hibernate.validator.internal.util.Version   - HV000001: Hibernate Validator 6.0.9.Final
2018-08-24 at 15:51:48 CST [main] INFO  com.saf.als.TomcatRun   - Starting TomcatRun on zhaozengbindeMacBook-Pro.local with PID 31679 (/Users/zhaozengbin/git/com-saf-parent/com-saf-als/target/classes started by zhaozengbin in /Users/zhaozengbin/git/com-saf-parent/com-saf-als)
2018-08-24 at 15:51:48 CST [main] INFO  com.saf.als.TomcatRun   - The following profiles are active: @profiles.active@
2018-08-24 at 15:51:48 CST [main] INFO  org.springframework.boot.web.servlet.context.AnnotationConfigServletWebServerApplicationContext   - Refreshing org.springframework.boot.web.servlet.context.AnnotationConfigServletWebServerApplicationContext@4ee3363c: startup date [Fri Aug 24 15:51:48 CST 2018]; root of context hierarchy
2018-08-24 at 15:51:50 CST [main] INFO  org.springframework.beans.factory.annotation.AutowiredAnnotationBeanPostProcessor   - JSR-330 'javax.inject.Inject' annotation found and supported for autowiring
2018-08-24 at 15:51:50 CST [main] INFO  org.springframework.context.support.PostProcessorRegistrationDelegate$BeanPostProcessorChecker   - Bean 'org.springframework.transaction.annotation.ProxyTransactionManagementConfiguration' of type [org.springframework.transaction.annotation.ProxyTransactionManagementConfiguration$$EnhancerBySpringCGLIB$$87670a72] is not eligible for getting processed by all BeanPostProcessors (for example: not eligible for auto-proxying)
2018-08-24 at 15:51:50 CST [main] INFO  org.springframework.boot.web.embedded.tomcat.TomcatWebServer   - Tomcat initialized with port(s): 8080 (http)
2018-08-24 at 15:51:51 CST [localhost-startStop-1] INFO  org.springframework.web.context.ContextLoader   - Root WebApplicationContext: initialization completed in 2069 ms
2018-08-24 at 15:51:51 CST [localhost-startStop-1] INFO  org.springframework.boot.web.servlet.ServletRegistrationBean   - Servlet dispatcherServlet mapped to [/]
2018-08-24 at 15:51:51 CST [localhost-startStop-1] INFO  org.springframework.boot.web.servlet.FilterRegistrationBean   - Mapping filter: 'characterEncodingFilter' to: [/*]
2018-08-24 at 15:51:51 CST [localhost-startStop-1] INFO  org.springframework.boot.web.servlet.FilterRegistrationBean   - Mapping filter: 'hiddenHttpMethodFilter' to: [/*]
2018-08-24 at 15:51:51 CST [localhost-startStop-1] INFO  org.springframework.boot.web.servlet.FilterRegistrationBean   - Mapping filter: 'httpPutFormContentFilter' to: [/*]
2018-08-24 at 15:51:51 CST [localhost-startStop-1] INFO  org.springframework.boot.web.servlet.FilterRegistrationBean   - Mapping filter: 'requestContextFilter' to: [/*]
2018-08-24 at 15:51:52 CST [main] INFO  org.springframework.jdbc.datasource.init.ScriptUtils   - Executing SQL script from URL [jar:file:/Users/zhaozengbin/.m2/repository/com/saf/com-saf-core/1.0-SNAPSHOT/com-saf-core-1.0-SNAPSHOT.jar!/schema.sql]
2018-08-24 at 15:51:52 CST [main] INFO  org.springframework.jdbc.datasource.init.ScriptUtils   - Executed SQL script from URL [jar:file:/Users/zhaozengbin/.m2/repository/com/saf/com-saf-core/1.0-SNAPSHOT/com-saf-core-1.0-SNAPSHOT.jar!/schema.sql] in 38 ms.
2018-08-24 at 15:51:52 CST [main] INFO  org.springframework.jdbc.datasource.init.ScriptUtils   - Executing SQL script from URL [jar:file:/Users/zhaozengbin/.m2/repository/com/saf/com-saf-core/1.0-SNAPSHOT/com-saf-core-1.0-SNAPSHOT.jar!/data.sql]
2018-08-24 at 15:51:52 CST [main] WARN  org.springframework.boot.web.servlet.context.AnnotationConfigServletWebServerApplicationContext   - Exception encountered during context initialization - cancelling refresh attempt: org.springframework.beans.factory.UnsatisfiedDependencyException: Error creating bean with name 'org.springframework.boot.autoconfigure.orm.jpa.HibernateJpaConfiguration': Unsatisfied dependency expressed through constructor parameter 0; nested exception is org.springframework.beans.factory.BeanCreationException: Error creating bean with name 'dataSource' defined in class path resource [org/springframework/boot/autoconfigure/jdbc/DataSourceConfiguration$Hikari.class]: Initialization of bean failed; nested exception is org.springframework.beans.factory.BeanCreationException: Error creating bean with name 'org.springframework.boot.autoconfigure.jdbc.DataSourceInitializerInvoker': Invocation of init method failed; nested exception is org.springframework.jdbc.datasource.init.ScriptStatementFailedException: Failed to execute SQL script statement #1 of URL [jar:file:/Users/zhaozengbin/.m2/repository/com/saf/com-saf-core/1.0-SNAPSHOT/com-saf-core-1.0-SNAPSHOT.jar!/data.sql]: insert into sec_user values('admin','admin'); nested exception is org.h2.jdbc.JdbcSQLException: Column count does not match; SQL statement:
insert into sec_user values('admin','admin') [21002-197]
2018-08-24 at 15:52:20 CST [background-preinit] INFO  org.hibernate.validator.internal.util.Version   - HV000001: Hibernate Validator 6.0.9.Final
2018-08-24 at 15:52:20 CST [main] INFO  com.saf.als.TomcatRun   - Starting TomcatRun on zhaozengbindeMacBook-Pro.local with PID 31695 (/Users/zhaozengbin/git/com-saf-parent/com-saf-als/target/classes started by zhaozengbin in /Users/zhaozengbin/git/com-saf-parent/com-saf-als)
2018-08-24 at 15:52:20 CST [main] INFO  com.saf.als.TomcatRun   - The following profiles are active: @profiles.active@
2018-08-24 at 15:52:20 CST [main] INFO  org.springframework.boot.web.servlet.context.AnnotationConfigServletWebServerApplicationContext   - Refreshing org.springframework.boot.web.servlet.context.AnnotationConfigServletWebServerApplicationContext@cd4b716: startup date [Fri Aug 24 15:52:20 CST 2018]; root of context hierarchy
2018-08-24 at 15:52:21 CST [main] INFO  org.springframework.beans.factory.annotation.AutowiredAnnotationBeanPostProcessor   - JSR-330 'javax.inject.Inject' annotation found and supported for autowiring
2018-08-24 at 15:52:21 CST [main] INFO  org.springframework.context.support.PostProcessorRegistrationDelegate$BeanPostProcessorChecker   - Bean 'org.springframework.transaction.annotation.ProxyTransactionManagementConfiguration' of type [org.springframework.transaction.annotation.ProxyTransactionManagementConfiguration$$EnhancerBySpringCGLIB$$10eeaf36] is not eligible for getting processed by all BeanPostProcessors (for example: not eligible for auto-proxying)
2018-08-24 at 15:52:22 CST [main] INFO  org.springframework.boot.web.embedded.tomcat.TomcatWebServer   - Tomcat initialized with port(s): 8080 (http)
2018-08-24 at 15:52:22 CST [localhost-startStop-1] INFO  org.springframework.web.context.ContextLoader   - Root WebApplicationContext: initialization completed in 2070 ms
2018-08-24 at 15:52:22 CST [localhost-startStop-1] INFO  org.springframework.boot.web.servlet.ServletRegistrationBean   - Servlet dispatcherServlet mapped to [/]
2018-08-24 at 15:52:22 CST [localhost-startStop-1] INFO  org.springframework.boot.web.servlet.FilterRegistrationBean   - Mapping filter: 'characterEncodingFilter' to: [/*]
2018-08-24 at 15:52:22 CST [localhost-startStop-1] INFO  org.springframework.boot.web.servlet.FilterRegistrationBean   - Mapping filter: 'hiddenHttpMethodFilter' to: [/*]
2018-08-24 at 15:52:22 CST [localhost-startStop-1] INFO  org.springframework.boot.web.servlet.FilterRegistrationBean   - Mapping filter: 'httpPutFormContentFilter' to: [/*]
2018-08-24 at 15:52:22 CST [localhost-startStop-1] INFO  org.springframework.boot.web.servlet.FilterRegistrationBean   - Mapping filter: 'requestContextFilter' to: [/*]
2018-08-24 at 15:52:23 CST [main] INFO  org.springframework.jdbc.datasource.init.ScriptUtils   - Executing SQL script from URL [jar:file:/Users/zhaozengbin/.m2/repository/com/saf/com-saf-core/1.0-SNAPSHOT/com-saf-core-1.0-SNAPSHOT.jar!/schema.sql]
2018-08-24 at 15:52:23 CST [main] INFO  org.springframework.jdbc.datasource.init.ScriptUtils   - Executed SQL script from URL [jar:file:/Users/zhaozengbin/.m2/repository/com/saf/com-saf-core/1.0-SNAPSHOT/com-saf-core-1.0-SNAPSHOT.jar!/schema.sql] in 42 ms.
2018-08-24 at 15:52:23 CST [main] INFO  org.springframework.jdbc.datasource.init.ScriptUtils   - Executing SQL script from URL [jar:file:/Users/zhaozengbin/.m2/repository/com/saf/com-saf-core/1.0-SNAPSHOT/com-saf-core-1.0-SNAPSHOT.jar!/data.sql]
2018-08-24 at 15:52:23 CST [main] WARN  org.springframework.boot.web.servlet.context.AnnotationConfigServletWebServerApplicationContext   - Exception encountered during context initialization - cancelling refresh attempt: org.springframework.beans.factory.UnsatisfiedDependencyException: Error creating bean with name 'org.springframework.boot.autoconfigure.orm.jpa.HibernateJpaConfiguration': Unsatisfied dependency expressed through constructor parameter 0; nested exception is org.springframework.beans.factory.BeanCreationException: Error creating bean with name 'dataSource' defined in class path resource [org/springframework/boot/autoconfigure/jdbc/DataSourceConfiguration$Hikari.class]: Initialization of bean failed; nested exception is org.springframework.beans.factory.BeanCreationException: Error creating bean with name 'org.springframework.boot.autoconfigure.jdbc.DataSourceInitializerInvoker': Invocation of init method failed; nested exception is org.springframework.jdbc.datasource.init.ScriptStatementFailedException: Failed to execute SQL script statement #1 of URL [jar:file:/Users/zhaozengbin/.m2/repository/com/saf/com-saf-core/1.0-SNAPSHOT/com-saf-core-1.0-SNAPSHOT.jar!/data.sql]: insert into sec_user(username,password) values('admin','admin'); nested exception is org.h2.jdbc.JdbcSQLException: NULL not allowed for column "ID"; SQL statement:
insert into sec_user(username,password) values('admin','admin') [23502-197]
2018-08-24 at 15:54:58 CST [background-preinit] INFO  org.hibernate.validator.internal.util.Version   - HV000001: Hibernate Validator 6.0.9.Final
2018-08-24 at 15:54:58 CST [main] INFO  com.saf.als.TomcatRun   - Starting TomcatRun on zhaozengbindeMacBook-Pro.local with PID 31720 (/Users/zhaozengbin/git/com-saf-parent/com-saf-als/target/classes started by zhaozengbin in /Users/zhaozengbin/git/com-saf-parent/com-saf-als)
2018-08-24 at 15:54:58 CST [main] INFO  com.saf.als.TomcatRun   - The following profiles are active: @profiles.active@
2018-08-24 at 15:54:59 CST [main] INFO  org.springframework.boot.web.servlet.context.AnnotationConfigServletWebServerApplicationContext   - Refreshing org.springframework.boot.web.servlet.context.AnnotationConfigServletWebServerApplicationContext@3acca387: startup date [Fri Aug 24 15:54:59 CST 2018]; root of context hierarchy
2018-08-24 at 15:55:00 CST [main] INFO  org.springframework.beans.factory.annotation.AutowiredAnnotationBeanPostProcessor   - JSR-330 'javax.inject.Inject' annotation found and supported for autowiring
2018-08-24 at 15:55:00 CST [main] INFO  org.springframework.context.support.PostProcessorRegistrationDelegate$BeanPostProcessorChecker   - Bean 'org.springframework.transaction.annotation.ProxyTransactionManagementConfiguration' of type [org.springframework.transaction.annotation.ProxyTransactionManagementConfiguration$$EnhancerBySpringCGLIB$$f7b34bb6] is not eligible for getting processed by all BeanPostProcessors (for example: not eligible for auto-proxying)
2018-08-24 at 15:55:00 CST [main] INFO  org.springframework.boot.web.embedded.tomcat.TomcatWebServer   - Tomcat initialized with port(s): 8080 (http)
2018-08-24 at 15:55:01 CST [localhost-startStop-1] INFO  org.springframework.web.context.ContextLoader   - Root WebApplicationContext: initialization completed in 2145 ms
2018-08-24 at 15:55:01 CST [localhost-startStop-1] INFO  org.springframework.boot.web.servlet.ServletRegistrationBean   - Servlet dispatcherServlet mapped to [/]
2018-08-24 at 15:55:01 CST [localhost-startStop-1] INFO  org.springframework.boot.web.servlet.FilterRegistrationBean   - Mapping filter: 'characterEncodingFilter' to: [/*]
2018-08-24 at 15:55:01 CST [localhost-startStop-1] INFO  org.springframework.boot.web.servlet.FilterRegistrationBean   - Mapping filter: 'hiddenHttpMethodFilter' to: [/*]
2018-08-24 at 15:55:01 CST [localhost-startStop-1] INFO  org.springframework.boot.web.servlet.FilterRegistrationBean   - Mapping filter: 'httpPutFormContentFilter' to: [/*]
2018-08-24 at 15:55:01 CST [localhost-startStop-1] INFO  org.springframework.boot.web.servlet.FilterRegistrationBean   - Mapping filter: 'requestContextFilter' to: [/*]
2018-08-24 at 15:55:02 CST [main] INFO  org.springframework.jdbc.datasource.init.ScriptUtils   - Executing SQL script from URL [jar:file:/Users/zhaozengbin/.m2/repository/com/saf/com-saf-core/1.0-SNAPSHOT/com-saf-core-1.0-SNAPSHOT.jar!/schema.sql]
2018-08-24 at 15:55:02 CST [main] INFO  org.springframework.jdbc.datasource.init.ScriptUtils   - Executed SQL script from URL [jar:file:/Users/zhaozengbin/.m2/repository/com/saf/com-saf-core/1.0-SNAPSHOT/com-saf-core-1.0-SNAPSHOT.jar!/schema.sql] in 41 ms.
2018-08-24 at 15:55:02 CST [main] INFO  org.springframework.jdbc.datasource.init.ScriptUtils   - Executing SQL script from URL [jar:file:/Users/zhaozengbin/.m2/repository/com/saf/com-saf-core/1.0-SNAPSHOT/com-saf-core-1.0-SNAPSHOT.jar!/data.sql]
2018-08-24 at 15:55:02 CST [main] INFO  org.springframework.jdbc.datasource.init.ScriptUtils   - Executed SQL script from URL [jar:file:/Users/zhaozengbin/.m2/repository/com/saf/com-saf-core/1.0-SNAPSHOT/com-saf-core-1.0-SNAPSHOT.jar!/data.sql] in 6 ms.
2018-08-24 at 15:55:02 CST [main] INFO  org.springframework.orm.jpa.LocalContainerEntityManagerFactoryBean   - Building JPA container EntityManagerFactory for persistence unit 'default'
2018-08-24 at 15:55:02 CST [main] INFO  org.hibernate.Version   - HHH000412: Hibernate Core {5.2.16.Final}
2018-08-24 at 15:55:02 CST [main] INFO  org.hibernate.cfg.Environment   - HHH000206: hibernate.properties not found
2018-08-24 at 15:55:02 CST [main] INFO  org.hibernate.annotations.common.Version   - HCANN000001: Hibernate Commons Annotations {5.0.1.Final}
2018-08-24 at 15:55:02 CST [main] INFO  org.hibernate.dialect.Dialect   - HHH000400: Using dialect: org.hibernate.dialect.H2Dialect
2018-08-24 at 15:55:02 CST [main] INFO  org.hibernate.tool.schema.internal.SchemaCreatorImpl   - HHH000476: Executing import script 'org.hibernate.tool.schema.internal.exec.ScriptSourceInputNonExistentImpl@377f5845'
2018-08-24 at 15:55:02 CST [main] INFO  org.springframework.orm.jpa.LocalContainerEntityManagerFactoryBean   - Initialized JPA EntityManagerFactory for persistence unit 'default'
2018-08-24 at 15:55:03 CST [main] INFO  org.springframework.web.servlet.handler.SimpleUrlHandlerMapping   - Mapped URL path [/**/favicon.ico] onto handler of type [class org.springframework.web.servlet.resource.ResourceHttpRequestHandler]
2018-08-24 at 15:55:03 CST [main] INFO  org.springframework.web.servlet.mvc.method.annotation.RequestMappingHandlerAdapter   - Looking for @ControllerAdvice: org.springframework.boot.web.servlet.context.AnnotationConfigServletWebServerApplicationContext@3acca387: startup date [Fri Aug 24 15:54:59 CST 2018]; root of context hierarchy
2018-08-24 at 15:55:03 CST [main] WARN  org.springframework.boot.autoconfigure.orm.jpa.JpaBaseConfiguration$JpaWebConfiguration$JpaWebMvcConfiguration   - spring.jpa.open-in-view is enabled by default. Therefore, database queries may be performed during view rendering. Explicitly configure spring.jpa.open-in-view to disable this warning
2018-08-24 at 15:55:03 CST [main] INFO  org.springframework.web.servlet.mvc.method.annotation.RequestMappingHandlerMapping   - Mapped "{[/error]}" onto public org.springframework.http.ResponseEntity<java.util.Map<java.lang.String, java.lang.Object>> org.springframework.boot.autoconfigure.web.servlet.error.BasicErrorController.error(javax.servlet.http.HttpServletRequest)
2018-08-24 at 15:55:03 CST [main] INFO  org.springframework.web.servlet.mvc.method.annotation.RequestMappingHandlerMapping   - Mapped "{[/error],produces=[text/html]}" onto public org.springframework.web.servlet.ModelAndView org.springframework.boot.autoconfigure.web.servlet.error.BasicErrorController.errorHtml(javax.servlet.http.HttpServletRequest,javax.servlet.http.HttpServletResponse)
2018-08-24 at 15:55:03 CST [main] INFO  org.springframework.web.servlet.handler.SimpleUrlHandlerMapping   - Mapped URL path [/webjars/**] onto handler of type [class org.springframework.web.servlet.resource.ResourceHttpRequestHandler]
2018-08-24 at 15:55:03 CST [main] INFO  org.springframework.web.servlet.handler.SimpleUrlHandlerMapping   - Mapped URL path [/**] onto handler of type [class org.springframework.web.servlet.resource.ResourceHttpRequestHandler]
2018-08-24 at 15:55:04 CST [main] WARN  org.springframework.boot.web.servlet.context.AnnotationConfigServletWebServerApplicationContext   - Exception encountered during context initialization - cancelling refresh attempt: org.springframework.beans.factory.BeanCreationException: Error creating bean with name 'gsonBuilder' defined in class path resource [org/springframework/boot/autoconfigure/gson/GsonAutoConfiguration.class]: Bean instantiation via factory method failed; nested exception is org.springframework.beans.BeanInstantiationException: Failed to instantiate [com.google.gson.GsonBuilder]: Factory method 'gsonBuilder' threw exception; nested exception is java.lang.BootstrapMethodError: java.lang.NoSuchMethodError: com.google.gson.GsonBuilder.setLenient()Lcom/google/gson/GsonBuilder;
2018-08-24 at 15:55:04 CST [main] INFO  org.springframework.jmx.export.annotation.AnnotationMBeanExporter   - Unregistering JMX-exposed beans on shutdown
2018-08-24 at 15:55:04 CST [main] INFO  org.springframework.orm.jpa.LocalContainerEntityManagerFactoryBean   - Closing JPA EntityManagerFactory for persistence unit 'default'
2018-08-24 at 15:55:04 CST [main] INFO  org.hibernate.tool.schema.internal.SchemaDropperImpl$DelayedDropActionImpl   - HHH000477: Starting delayed drop of schema as part of SessionFactory shut-down'
2018-08-24 at 16:20:52 CST [background-preinit] INFO  org.hibernate.validator.internal.util.Version   - HV000001: Hibernate Validator 6.0.9.Final
2018-08-24 at 16:20:52 CST [main] INFO  com.saf.als.TomcatRun   - Starting TomcatRun on zhaozengbindeMacBook-Pro.local with PID 32245 (/Users/zhaozengbin/git/com-saf-parent/com-saf-als/target/classes started by zhaozengbin in /Users/zhaozengbin/git/com-saf-parent/com-saf-als)
2018-08-24 at 16:20:52 CST [main] INFO  com.saf.als.TomcatRun   - The following profiles are active: @profiles.active@
2018-08-24 at 16:20:52 CST [main] INFO  org.springframework.boot.web.servlet.context.AnnotationConfigServletWebServerApplicationContext   - Refreshing org.springframework.boot.web.servlet.context.AnnotationConfigServletWebServerApplicationContext@4be39ab0: startup date [Fri Aug 24 16:20:52 CST 2018]; root of context hierarchy
2018-08-24 at 16:20:54 CST [main] INFO  org.springframework.beans.factory.annotation.AutowiredAnnotationBeanPostProcessor   - JSR-330 'javax.inject.Inject' annotation found and supported for autowiring
2018-08-24 at 16:20:54 CST [main] INFO  org.springframework.context.support.PostProcessorRegistrationDelegate$BeanPostProcessorChecker   - Bean 'org.springframework.transaction.annotation.ProxyTransactionManagementConfiguration' of type [org.springframework.transaction.annotation.ProxyTransactionManagementConfiguration$$EnhancerBySpringCGLIB$$fb089767] is not eligible for getting processed by all BeanPostProcessors (for example: not eligible for auto-proxying)
2018-08-24 at 16:20:54 CST [main] INFO  org.springframework.boot.web.embedded.tomcat.TomcatWebServer   - Tomcat initialized with port(s): 8080 (http)
2018-08-24 at 16:20:54 CST [localhost-startStop-1] INFO  org.springframework.web.context.ContextLoader   - Root WebApplicationContext: initialization completed in 2031 ms
2018-08-24 at 16:20:55 CST [localhost-startStop-1] INFO  org.springframework.boot.web.servlet.ServletRegistrationBean   - Servlet dispatcherServlet mapped to [/]
2018-08-24 at 16:20:55 CST [localhost-startStop-1] INFO  org.springframework.boot.web.servlet.FilterRegistrationBean   - Mapping filter: 'characterEncodingFilter' to: [/*]
2018-08-24 at 16:20:55 CST [localhost-startStop-1] INFO  org.springframework.boot.web.servlet.FilterRegistrationBean   - Mapping filter: 'hiddenHttpMethodFilter' to: [/*]
2018-08-24 at 16:20:55 CST [localhost-startStop-1] INFO  org.springframework.boot.web.servlet.FilterRegistrationBean   - Mapping filter: 'httpPutFormContentFilter' to: [/*]
2018-08-24 at 16:20:55 CST [localhost-startStop-1] INFO  org.springframework.boot.web.servlet.FilterRegistrationBean   - Mapping filter: 'requestContextFilter' to: [/*]
2018-08-24 at 16:20:55 CST [main] INFO  org.springframework.jdbc.datasource.init.ScriptUtils   - Executing SQL script from URL [jar:file:/Users/zhaozengbin/.m2/repository/com/saf/com-saf-core/1.0-SNAPSHOT/com-saf-core-1.0-SNAPSHOT.jar!/schema.sql]
2018-08-24 at 16:20:55 CST [main] INFO  org.springframework.jdbc.datasource.init.ScriptUtils   - Executed SQL script from URL [jar:file:/Users/zhaozengbin/.m2/repository/com/saf/com-saf-core/1.0-SNAPSHOT/com-saf-core-1.0-SNAPSHOT.jar!/schema.sql] in 45 ms.
2018-08-24 at 16:20:55 CST [main] INFO  org.springframework.jdbc.datasource.init.ScriptUtils   - Executing SQL script from URL [jar:file:/Users/zhaozengbin/.m2/repository/com/saf/com-saf-core/1.0-SNAPSHOT/com-saf-core-1.0-SNAPSHOT.jar!/data.sql]
2018-08-24 at 16:20:55 CST [main] INFO  org.springframework.jdbc.datasource.init.ScriptUtils   - Executed SQL script from URL [jar:file:/Users/zhaozengbin/.m2/repository/com/saf/com-saf-core/1.0-SNAPSHOT/com-saf-core-1.0-SNAPSHOT.jar!/data.sql] in 6 ms.
2018-08-24 at 16:20:56 CST [main] INFO  org.springframework.orm.jpa.LocalContainerEntityManagerFactoryBean   - Building JPA container EntityManagerFactory for persistence unit 'default'
2018-08-24 at 16:20:56 CST [main] INFO  org.hibernate.Version   - HHH000412: Hibernate Core {5.2.16.Final}
2018-08-24 at 16:20:56 CST [main] INFO  org.hibernate.cfg.Environment   - HHH000206: hibernate.properties not found
2018-08-24 at 16:20:56 CST [main] INFO  org.hibernate.annotations.common.Version   - HCANN000001: Hibernate Commons Annotations {5.0.1.Final}
2018-08-24 at 16:20:56 CST [main] INFO  org.hibernate.dialect.Dialect   - HHH000400: Using dialect: org.hibernate.dialect.H2Dialect
2018-08-24 at 16:20:56 CST [main] INFO  org.hibernate.tool.schema.internal.SchemaCreatorImpl   - HHH000476: Executing import script 'org.hibernate.tool.schema.internal.exec.ScriptSourceInputNonExistentImpl@34df4a0a'
2018-08-24 at 16:20:56 CST [main] INFO  org.springframework.orm.jpa.LocalContainerEntityManagerFactoryBean   - Initialized JPA EntityManagerFactory for persistence unit 'default'
2018-08-24 at 16:20:57 CST [main] INFO  org.springframework.web.servlet.handler.SimpleUrlHandlerMapping   - Mapped URL path [/**/favicon.ico] onto handler of type [class org.springframework.web.servlet.resource.ResourceHttpRequestHandler]
2018-08-24 at 16:20:57 CST [main] INFO  org.springframework.web.servlet.mvc.method.annotation.RequestMappingHandlerAdapter   - Looking for @ControllerAdvice: org.springframework.boot.web.servlet.context.AnnotationConfigServletWebServerApplicationContext@4be39ab0: startup date [Fri Aug 24 16:20:52 CST 2018]; root of context hierarchy
2018-08-24 at 16:20:57 CST [main] WARN  org.springframework.boot.autoconfigure.orm.jpa.JpaBaseConfiguration$JpaWebConfiguration$JpaWebMvcConfiguration   - spring.jpa.open-in-view is enabled by default. Therefore, database queries may be performed during view rendering. Explicitly configure spring.jpa.open-in-view to disable this warning
2018-08-24 at 16:20:57 CST [main] INFO  org.springframework.web.servlet.mvc.method.annotation.RequestMappingHandlerMapping   - Mapped "{[/error]}" onto public org.springframework.http.ResponseEntity<java.util.Map<java.lang.String, java.lang.Object>> org.springframework.boot.autoconfigure.web.servlet.error.BasicErrorController.error(javax.servlet.http.HttpServletRequest)
2018-08-24 at 16:20:57 CST [main] INFO  org.springframework.web.servlet.mvc.method.annotation.RequestMappingHandlerMapping   - Mapped "{[/error],produces=[text/html]}" onto public org.springframework.web.servlet.ModelAndView org.springframework.boot.autoconfigure.web.servlet.error.BasicErrorController.errorHtml(javax.servlet.http.HttpServletRequest,javax.servlet.http.HttpServletResponse)
2018-08-24 at 16:20:57 CST [main] INFO  org.springframework.web.servlet.handler.SimpleUrlHandlerMapping   - Mapped URL path [/webjars/**] onto handler of type [class org.springframework.web.servlet.resource.ResourceHttpRequestHandler]
2018-08-24 at 16:20:57 CST [main] INFO  org.springframework.web.servlet.handler.SimpleUrlHandlerMapping   - Mapped URL path [/**] onto handler of type [class org.springframework.web.servlet.resource.ResourceHttpRequestHandler]
2018-08-24 at 16:20:58 CST [main] WARN  org.springframework.boot.web.servlet.context.AnnotationConfigServletWebServerApplicationContext   - Exception encountered during context initialization - cancelling refresh attempt: org.springframework.beans.factory.BeanCreationException: Error creating bean with name 'gsonBuilder' defined in class path resource [org/springframework/boot/autoconfigure/gson/GsonAutoConfiguration.class]: Bean instantiation via factory method failed; nested exception is org.springframework.beans.BeanInstantiationException: Failed to instantiate [com.google.gson.GsonBuilder]: Factory method 'gsonBuilder' threw exception; nested exception is java.lang.BootstrapMethodError: java.lang.NoSuchMethodError: com.google.gson.GsonBuilder.setLenient()Lcom/google/gson/GsonBuilder;
2018-08-24 at 16:20:58 CST [main] INFO  org.springframework.jmx.export.annotation.AnnotationMBeanExporter   - Unregistering JMX-exposed beans on shutdown
2018-08-24 at 16:20:58 CST [main] INFO  org.springframework.orm.jpa.LocalContainerEntityManagerFactoryBean   - Closing JPA EntityManagerFactory for persistence unit 'default'
2018-08-24 at 16:20:58 CST [main] INFO  org.hibernate.tool.schema.internal.SchemaDropperImpl$DelayedDropActionImpl   - HHH000477: Starting delayed drop of schema as part of SessionFactory shut-down'
2018-08-24 at 16:39:05 CST [background-preinit] INFO  org.hibernate.validator.internal.util.Version   - HV000001: Hibernate Validator 6.0.9.Final
2018-08-24 at 16:39:05 CST [main] INFO  com.saf.als.TomcatRun   - Starting TomcatRun on zhaozengbindeMacBook-Pro.local with PID 32441 (/Users/zhaozengbin/git/com-saf-parent/com-saf-als/target/classes started by zhaozengbin in /Users/zhaozengbin/git/com-saf-parent/com-saf-als)
2018-08-24 at 16:39:05 CST [main] INFO  com.saf.als.TomcatRun   - The following profiles are active: @profiles.active@
2018-08-24 at 16:39:05 CST [main] INFO  org.springframework.boot.web.servlet.context.AnnotationConfigServletWebServerApplicationContext   - Refreshing org.springframework.boot.web.servlet.context.AnnotationConfigServletWebServerApplicationContext@5e029d7a: startup date [Fri Aug 24 16:39:05 CST 2018]; root of context hierarchy
2018-08-24 at 16:39:06 CST [main] INFO  org.springframework.beans.factory.annotation.AutowiredAnnotationBeanPostProcessor   - JSR-330 'javax.inject.Inject' annotation found and supported for autowiring
2018-08-24 at 16:39:07 CST [main] INFO  org.springframework.context.support.PostProcessorRegistrationDelegate$BeanPostProcessorChecker   - Bean 'org.springframework.transaction.annotation.ProxyTransactionManagementConfiguration' of type [org.springframework.transaction.annotation.ProxyTransactionManagementConfiguration$$EnhancerBySpringCGLIB$$873727d5] is not eligible for getting processed by all BeanPostProcessors (for example: not eligible for auto-proxying)
2018-08-24 at 16:39:07 CST [main] INFO  org.springframework.boot.web.embedded.tomcat.TomcatWebServer   - Tomcat initialized with port(s): 8080 (http)
2018-08-24 at 16:39:07 CST [localhost-startStop-1] INFO  org.springframework.web.context.ContextLoader   - Root WebApplicationContext: initialization completed in 2062 ms
2018-08-24 at 16:39:08 CST [localhost-startStop-1] INFO  org.springframework.boot.web.servlet.ServletRegistrationBean   - Servlet dispatcherServlet mapped to [/]
2018-08-24 at 16:39:08 CST [localhost-startStop-1] INFO  org.springframework.boot.web.servlet.FilterRegistrationBean   - Mapping filter: 'characterEncodingFilter' to: [/*]
2018-08-24 at 16:39:08 CST [localhost-startStop-1] INFO  org.springframework.boot.web.servlet.FilterRegistrationBean   - Mapping filter: 'hiddenHttpMethodFilter' to: [/*]
2018-08-24 at 16:39:08 CST [localhost-startStop-1] INFO  org.springframework.boot.web.servlet.FilterRegistrationBean   - Mapping filter: 'httpPutFormContentFilter' to: [/*]
2018-08-24 at 16:39:08 CST [localhost-startStop-1] INFO  org.springframework.boot.web.servlet.FilterRegistrationBean   - Mapping filter: 'requestContextFilter' to: [/*]
2018-08-24 at 16:39:08 CST [main] INFO  org.springframework.jdbc.datasource.init.ScriptUtils   - Executing SQL script from URL [jar:file:/Users/zhaozengbin/.m2/repository/com/saf/com-saf-core/1.0-SNAPSHOT/com-saf-core-1.0-SNAPSHOT.jar!/schema.sql]
2018-08-24 at 16:39:08 CST [main] INFO  org.springframework.jdbc.datasource.init.ScriptUtils   - Executed SQL script from URL [jar:file:/Users/zhaozengbin/.m2/repository/com/saf/com-saf-core/1.0-SNAPSHOT/com-saf-core-1.0-SNAPSHOT.jar!/schema.sql] in 40 ms.
2018-08-24 at 16:39:08 CST [main] INFO  org.springframework.jdbc.datasource.init.ScriptUtils   - Executing SQL script from URL [jar:file:/Users/zhaozengbin/.m2/repository/com/saf/com-saf-core/1.0-SNAPSHOT/com-saf-core-1.0-SNAPSHOT.jar!/data.sql]
2018-08-24 at 16:39:08 CST [main] INFO  org.springframework.jdbc.datasource.init.ScriptUtils   - Executed SQL script from URL [jar:file:/Users/zhaozengbin/.m2/repository/com/saf/com-saf-core/1.0-SNAPSHOT/com-saf-core-1.0-SNAPSHOT.jar!/data.sql] in 5 ms.
2018-08-24 at 16:39:08 CST [main] INFO  org.springframework.orm.jpa.LocalContainerEntityManagerFactoryBean   - Building JPA container EntityManagerFactory for persistence unit 'default'
2018-08-24 at 16:39:08 CST [main] INFO  org.hibernate.Version   - HHH000412: Hibernate Core {5.2.16.Final}
2018-08-24 at 16:39:08 CST [main] INFO  org.hibernate.cfg.Environment   - HHH000206: hibernate.properties not found
2018-08-24 at 16:39:09 CST [main] INFO  org.hibernate.annotations.common.Version   - HCANN000001: Hibernate Commons Annotations {5.0.1.Final}
2018-08-24 at 16:39:09 CST [main] INFO  org.hibernate.dialect.Dialect   - HHH000400: Using dialect: org.hibernate.dialect.H2Dialect
2018-08-24 at 16:39:09 CST [main] INFO  org.hibernate.tool.schema.internal.SchemaCreatorImpl   - HHH000476: Executing import script 'org.hibernate.tool.schema.internal.exec.ScriptSourceInputNonExistentImpl@1195eea7'
2018-08-24 at 16:39:09 CST [main] INFO  org.springframework.orm.jpa.LocalContainerEntityManagerFactoryBean   - Initialized JPA EntityManagerFactory for persistence unit 'default'
2018-08-24 at 16:39:09 CST [main] INFO  org.springframework.web.servlet.handler.SimpleUrlHandlerMapping   - Mapped URL path [/**/favicon.ico] onto handler of type [class org.springframework.web.servlet.resource.ResourceHttpRequestHandler]
2018-08-24 at 16:39:10 CST [main] INFO  org.springframework.web.servlet.mvc.method.annotation.RequestMappingHandlerAdapter   - Looking for @ControllerAdvice: org.springframework.boot.web.servlet.context.AnnotationConfigServletWebServerApplicationContext@5e029d7a: startup date [Fri Aug 24 16:39:05 CST 2018]; root of context hierarchy
2018-08-24 at 16:39:10 CST [main] WARN  org.springframework.boot.autoconfigure.orm.jpa.JpaBaseConfiguration$JpaWebConfiguration$JpaWebMvcConfiguration   - spring.jpa.open-in-view is enabled by default. Therefore, database queries may be performed during view rendering. Explicitly configure spring.jpa.open-in-view to disable this warning
2018-08-24 at 16:39:10 CST [main] INFO  org.springframework.web.servlet.mvc.method.annotation.RequestMappingHandlerMapping   - Mapped "{[/error]}" onto public org.springframework.http.ResponseEntity<java.util.Map<java.lang.String, java.lang.Object>> org.springframework.boot.autoconfigure.web.servlet.error.BasicErrorController.error(javax.servlet.http.HttpServletRequest)
2018-08-24 at 16:39:10 CST [main] INFO  org.springframework.web.servlet.mvc.method.annotation.RequestMappingHandlerMapping   - Mapped "{[/error],produces=[text/html]}" onto public org.springframework.web.servlet.ModelAndView org.springframework.boot.autoconfigure.web.servlet.error.BasicErrorController.errorHtml(javax.servlet.http.HttpServletRequest,javax.servlet.http.HttpServletResponse)
2018-08-24 at 16:39:10 CST [main] INFO  org.springframework.web.servlet.handler.SimpleUrlHandlerMapping   - Mapped URL path [/webjars/**] onto handler of type [class org.springframework.web.servlet.resource.ResourceHttpRequestHandler]
2018-08-24 at 16:39:10 CST [main] INFO  org.springframework.web.servlet.handler.SimpleUrlHandlerMapping   - Mapped URL path [/**] onto handler of type [class org.springframework.web.servlet.resource.ResourceHttpRequestHandler]
2018-08-24 at 16:39:10 CST [main] WARN  org.springframework.boot.web.servlet.context.AnnotationConfigServletWebServerApplicationContext   - Exception encountered during context initialization - cancelling refresh attempt: org.springframework.beans.factory.BeanCreationException: Error creating bean with name 'gsonBuilder' defined in class path resource [org/springframework/boot/autoconfigure/gson/GsonAutoConfiguration.class]: Bean instantiation via factory method failed; nested exception is org.springframework.beans.BeanInstantiationException: Failed to instantiate [com.google.gson.GsonBuilder]: Factory method 'gsonBuilder' threw exception; nested exception is java.lang.BootstrapMethodError: java.lang.NoSuchMethodError: com.google.gson.GsonBuilder.setLenient()Lcom/google/gson/GsonBuilder;
2018-08-24 at 16:39:10 CST [main] INFO  org.springframework.jmx.export.annotation.AnnotationMBeanExporter   - Unregistering JMX-exposed beans on shutdown
2018-08-24 at 16:39:10 CST [main] INFO  org.springframework.orm.jpa.LocalContainerEntityManagerFactoryBean   - Closing JPA EntityManagerFactory for persistence unit 'default'
2018-08-24 at 16:39:10 CST [main] INFO  org.hibernate.tool.schema.internal.SchemaDropperImpl$DelayedDropActionImpl   - HHH000477: Starting delayed drop of schema as part of SessionFactory shut-down'
2018-08-24 at 16:43:25 CST [background-preinit] INFO  org.hibernate.validator.internal.util.Version   - HV000001: Hibernate Validator 6.0.9.Final
2018-08-24 at 16:43:25 CST [main] INFO  com.saf.als.TomcatRun   - Starting TomcatRun on zhaozengbindeMacBook-Pro.local with PID 32485 (/Users/zhaozengbin/git/com-saf-parent/com-saf-als/target/classes started by zhaozengbin in /Users/zhaozengbin/git/com-saf-parent/com-saf-als)
2018-08-24 at 16:43:25 CST [main] INFO  com.saf.als.TomcatRun   - The following profiles are active: @profiles.active@
2018-08-24 at 16:43:25 CST [main] INFO  org.springframework.boot.web.servlet.context.AnnotationConfigServletWebServerApplicationContext   - Refreshing org.springframework.boot.web.servlet.context.AnnotationConfigServletWebServerApplicationContext@77096cb4: startup date [Fri Aug 24 16:43:25 CST 2018]; root of context hierarchy
2018-08-24 at 16:43:26 CST [main] INFO  org.springframework.beans.factory.annotation.AutowiredAnnotationBeanPostProcessor   - JSR-330 'javax.inject.Inject' annotation found and supported for autowiring
2018-08-24 at 16:43:26 CST [main] INFO  org.springframework.context.support.PostProcessorRegistrationDelegate$BeanPostProcessorChecker   - Bean 'org.springframework.transaction.annotation.ProxyTransactionManagementConfiguration' of type [org.springframework.transaction.annotation.ProxyTransactionManagementConfiguration$$EnhancerBySpringCGLIB$$4426e806] is not eligible for getting processed by all BeanPostProcessors (for example: not eligible for auto-proxying)
2018-08-24 at 16:43:27 CST [main] INFO  org.springframework.boot.web.embedded.tomcat.TomcatWebServer   - Tomcat initialized with port(s): 8080 (http)
2018-08-24 at 16:43:27 CST [localhost-startStop-1] INFO  org.springframework.web.context.ContextLoader   - Root WebApplicationContext: initialization completed in 1873 ms
2018-08-24 at 16:43:27 CST [localhost-startStop-1] INFO  org.springframework.boot.web.servlet.ServletRegistrationBean   - Servlet dispatcherServlet mapped to [/]
2018-08-24 at 16:43:27 CST [localhost-startStop-1] INFO  org.springframework.boot.web.servlet.FilterRegistrationBean   - Mapping filter: 'characterEncodingFilter' to: [/*]
2018-08-24 at 16:43:27 CST [localhost-startStop-1] INFO  org.springframework.boot.web.servlet.FilterRegistrationBean   - Mapping filter: 'hiddenHttpMethodFilter' to: [/*]
2018-08-24 at 16:43:27 CST [localhost-startStop-1] INFO  org.springframework.boot.web.servlet.FilterRegistrationBean   - Mapping filter: 'httpPutFormContentFilter' to: [/*]
2018-08-24 at 16:43:27 CST [localhost-startStop-1] INFO  org.springframework.boot.web.servlet.FilterRegistrationBean   - Mapping filter: 'requestContextFilter' to: [/*]
2018-08-24 at 16:43:28 CST [main] INFO  org.springframework.jdbc.datasource.init.ScriptUtils   - Executing SQL script from URL [jar:file:/Users/zhaozengbin/.m2/repository/com/saf/com-saf-core/1.0-SNAPSHOT/com-saf-core-1.0-SNAPSHOT.jar!/schema.sql]
2018-08-24 at 16:43:28 CST [main] INFO  org.springframework.jdbc.datasource.init.ScriptUtils   - Executed SQL script from URL [jar:file:/Users/zhaozengbin/.m2/repository/com/saf/com-saf-core/1.0-SNAPSHOT/com-saf-core-1.0-SNAPSHOT.jar!/schema.sql] in 43 ms.
2018-08-24 at 16:43:28 CST [main] INFO  org.springframework.jdbc.datasource.init.ScriptUtils   - Executing SQL script from URL [jar:file:/Users/zhaozengbin/.m2/repository/com/saf/com-saf-core/1.0-SNAPSHOT/com-saf-core-1.0-SNAPSHOT.jar!/data.sql]
2018-08-24 at 16:43:28 CST [main] INFO  org.springframework.jdbc.datasource.init.ScriptUtils   - Executed SQL script from URL [jar:file:/Users/zhaozengbin/.m2/repository/com/saf/com-saf-core/1.0-SNAPSHOT/com-saf-core-1.0-SNAPSHOT.jar!/data.sql] in 5 ms.
2018-08-24 at 16:43:28 CST [main] INFO  org.springframework.orm.jpa.LocalContainerEntityManagerFactoryBean   - Building JPA container EntityManagerFactory for persistence unit 'default'
2018-08-24 at 16:43:28 CST [main] INFO  org.hibernate.Version   - HHH000412: Hibernate Core {5.2.16.Final}
2018-08-24 at 16:43:28 CST [main] INFO  org.hibernate.cfg.Environment   - HHH000206: hibernate.properties not found
2018-08-24 at 16:43:28 CST [main] INFO  org.hibernate.annotations.common.Version   - HCANN000001: Hibernate Commons Annotations {5.0.1.Final}
2018-08-24 at 16:43:28 CST [main] INFO  org.hibernate.dialect.Dialect   - HHH000400: Using dialect: org.hibernate.dialect.H2Dialect
2018-08-24 at 16:43:29 CST [main] INFO  org.hibernate.tool.schema.internal.SchemaCreatorImpl   - HHH000476: Executing import script 'org.hibernate.tool.schema.internal.exec.ScriptSourceInputNonExistentImpl@6ff58aa8'
2018-08-24 at 16:43:29 CST [main] INFO  org.springframework.orm.jpa.LocalContainerEntityManagerFactoryBean   - Initialized JPA EntityManagerFactory for persistence unit 'default'
2018-08-24 at 16:43:29 CST [main] INFO  org.springframework.web.servlet.handler.SimpleUrlHandlerMapping   - Mapped URL path [/**/favicon.ico] onto handler of type [class org.springframework.web.servlet.resource.ResourceHttpRequestHandler]
2018-08-24 at 16:43:29 CST [main] INFO  org.springframework.web.servlet.mvc.method.annotation.RequestMappingHandlerAdapter   - Looking for @ControllerAdvice: org.springframework.boot.web.servlet.context.AnnotationConfigServletWebServerApplicationContext@77096cb4: startup date [Fri Aug 24 16:43:25 CST 2018]; root of context hierarchy
2018-08-24 at 16:43:29 CST [main] WARN  org.springframework.boot.autoconfigure.orm.jpa.JpaBaseConfiguration$JpaWebConfiguration$JpaWebMvcConfiguration   - spring.jpa.open-in-view is enabled by default. Therefore, database queries may be performed during view rendering. Explicitly configure spring.jpa.open-in-view to disable this warning
2018-08-24 at 16:43:29 CST [main] INFO  org.springframework.web.servlet.mvc.method.annotation.RequestMappingHandlerMapping   - Mapped "{[/error]}" onto public org.springframework.http.ResponseEntity<java.util.Map<java.lang.String, java.lang.Object>> org.springframework.boot.autoconfigure.web.servlet.error.BasicErrorController.error(javax.servlet.http.HttpServletRequest)
2018-08-24 at 16:43:29 CST [main] INFO  org.springframework.web.servlet.mvc.method.annotation.RequestMappingHandlerMapping   - Mapped "{[/error],produces=[text/html]}" onto public org.springframework.web.servlet.ModelAndView org.springframework.boot.autoconfigure.web.servlet.error.BasicErrorController.errorHtml(javax.servlet.http.HttpServletRequest,javax.servlet.http.HttpServletResponse)
2018-08-24 at 16:43:29 CST [main] INFO  org.springframework.web.servlet.handler.SimpleUrlHandlerMapping   - Mapped URL path [/webjars/**] onto handler of type [class org.springframework.web.servlet.resource.ResourceHttpRequestHandler]
2018-08-24 at 16:43:29 CST [main] INFO  org.springframework.web.servlet.handler.SimpleUrlHandlerMapping   - Mapped URL path [/**] onto handler of type [class org.springframework.web.servlet.resource.ResourceHttpRequestHandler]
2018-08-24 at 16:43:30 CST [main] INFO  org.springframework.jmx.export.annotation.AnnotationMBeanExporter   - Registering beans for JMX exposure on startup
2018-08-24 at 16:43:30 CST [main] INFO  org.springframework.jmx.export.annotation.AnnotationMBeanExporter   - Bean with name 'dataSource' has been autodetected for JMX exposure
2018-08-24 at 16:43:30 CST [main] INFO  org.springframework.jmx.export.annotation.AnnotationMBeanExporter   - Located MBean 'dataSource': registering with JMX server as MBean [com.zaxxer.hikari:name=dataSource,type=HikariDataSource]
2018-08-24 at 16:43:30 CST [main] INFO  org.springframework.boot.web.embedded.tomcat.TomcatWebServer   - Tomcat started on port(s): 8080 (http) with context path ''
2018-08-24 at 16:43:30 CST [main] INFO  com.saf.als.TomcatRun   - Started TomcatRun in 5.685 seconds (JVM running for 14.039)
2018-08-24 at 16:44:18 CST [http-nio-8080-exec-1] INFO  org.springframework.web.servlet.DispatcherServlet   - FrameworkServlet 'dispatcherServlet': initialization started
2018-08-24 at 17:27:32 CST [background-preinit] INFO  org.hibernate.validator.internal.util.Version   - HV000001: Hibernate Validator 6.0.9.Final
2018-08-24 at 17:27:33 CST [main] INFO  com.saf.als.TomcatRun   - Starting TomcatRun on zhaozengbindeMacBook-Pro.local with PID 32954 (/Users/zhaozengbin/git/com-saf-parent/com-saf-als/target/classes started by zhaozengbin in /Users/zhaozengbin/git/com-saf-parent/com-saf-als)
2018-08-24 at 17:27:33 CST [main] INFO  com.saf.als.TomcatRun   - The following profiles are active: @profiles.active@
2018-08-24 at 17:27:33 CST [main] INFO  org.springframework.boot.web.servlet.context.AnnotationConfigServletWebServerApplicationContext   - Refreshing org.springframework.boot.web.servlet.context.AnnotationConfigServletWebServerApplicationContext@66b244ce: startup date [Fri Aug 24 17:27:33 CST 2018]; root of context hierarchy
2018-08-24 at 17:27:34 CST [main] INFO  org.springframework.beans.factory.annotation.AutowiredAnnotationBeanPostProcessor   - JSR-330 'javax.inject.Inject' annotation found and supported for autowiring
2018-08-24 at 17:27:34 CST [main] INFO  org.springframework.context.support.PostProcessorRegistrationDelegate$BeanPostProcessorChecker   - Bean 'org.springframework.transaction.annotation.ProxyTransactionManagementConfiguration' of type [org.springframework.transaction.annotation.ProxyTransactionManagementConfiguration$$EnhancerBySpringCGLIB$$628ed2e1] is not eligible for getting processed by all BeanPostProcessors (for example: not eligible for auto-proxying)
2018-08-24 at 17:27:35 CST [main] INFO  org.springframework.boot.web.embedded.tomcat.TomcatWebServer   - Tomcat initialized with port(s): 8080 (http)
2018-08-24 at 17:27:35 CST [localhost-startStop-1] INFO  org.springframework.web.context.ContextLoader   - Root WebApplicationContext: initialization completed in 2197 ms
2018-08-24 at 17:27:35 CST [localhost-startStop-1] INFO  org.springframework.boot.web.servlet.ServletRegistrationBean   - Servlet dispatcherServlet mapped to [/]
2018-08-24 at 17:27:35 CST [localhost-startStop-1] INFO  org.springframework.boot.web.servlet.FilterRegistrationBean   - Mapping filter: 'characterEncodingFilter' to: [/*]
2018-08-24 at 17:27:35 CST [localhost-startStop-1] INFO  org.springframework.boot.web.servlet.FilterRegistrationBean   - Mapping filter: 'hiddenHttpMethodFilter' to: [/*]
2018-08-24 at 17:27:35 CST [localhost-startStop-1] INFO  org.springframework.boot.web.servlet.FilterRegistrationBean   - Mapping filter: 'httpPutFormContentFilter' to: [/*]
2018-08-24 at 17:27:35 CST [localhost-startStop-1] INFO  org.springframework.boot.web.servlet.FilterRegistrationBean   - Mapping filter: 'requestContextFilter' to: [/*]
2018-08-24 at 17:27:36 CST [main] INFO  org.springframework.jdbc.datasource.init.ScriptUtils   - Executing SQL script from URL [jar:file:/Users/zhaozengbin/.m2/repository/com/saf/com-saf-core/1.0-SNAPSHOT/com-saf-core-1.0-SNAPSHOT.jar!/schema.sql]
2018-08-24 at 17:27:36 CST [main] INFO  org.springframework.jdbc.datasource.init.ScriptUtils   - Executed SQL script from URL [jar:file:/Users/zhaozengbin/.m2/repository/com/saf/com-saf-core/1.0-SNAPSHOT/com-saf-core-1.0-SNAPSHOT.jar!/schema.sql] in 49 ms.
2018-08-24 at 17:27:36 CST [main] INFO  org.springframework.jdbc.datasource.init.ScriptUtils   - Executing SQL script from URL [jar:file:/Users/zhaozengbin/.m2/repository/com/saf/com-saf-core/1.0-SNAPSHOT/com-saf-core-1.0-SNAPSHOT.jar!/data.sql]
2018-08-24 at 17:27:36 CST [main] INFO  org.springframework.jdbc.datasource.init.ScriptUtils   - Executed SQL script from URL [jar:file:/Users/zhaozengbin/.m2/repository/com/saf/com-saf-core/1.0-SNAPSHOT/com-saf-core-1.0-SNAPSHOT.jar!/data.sql] in 5 ms.
2018-08-24 at 17:27:36 CST [main] INFO  org.springframework.orm.jpa.LocalContainerEntityManagerFactoryBean   - Building JPA container EntityManagerFactory for persistence unit 'default'
2018-08-24 at 17:27:36 CST [main] INFO  org.hibernate.Version   - HHH000412: Hibernate Core {5.2.16.Final}
2018-08-24 at 17:27:36 CST [main] INFO  org.hibernate.cfg.Environment   - HHH000206: hibernate.properties not found
2018-08-24 at 17:27:36 CST [main] INFO  org.hibernate.annotations.common.Version   - HCANN000001: Hibernate Commons Annotations {5.0.1.Final}
2018-08-24 at 17:27:37 CST [main] INFO  org.hibernate.dialect.Dialect   - HHH000400: Using dialect: org.hibernate.dialect.H2Dialect
2018-08-24 at 17:27:37 CST [main] INFO  org.hibernate.tool.schema.internal.SchemaCreatorImpl   - HHH000476: Executing import script 'org.hibernate.tool.schema.internal.exec.ScriptSourceInputNonExistentImpl@3fefe12e'
2018-08-24 at 17:27:37 CST [main] INFO  org.springframework.orm.jpa.LocalContainerEntityManagerFactoryBean   - Initialized JPA EntityManagerFactory for persistence unit 'default'
2018-08-24 at 17:27:37 CST [main] INFO  org.springframework.web.servlet.handler.SimpleUrlHandlerMapping   - Mapped URL path [/**/favicon.ico] onto handler of type [class org.springframework.web.servlet.resource.ResourceHttpRequestHandler]
2018-08-24 at 17:27:37 CST [main] INFO  org.springframework.web.servlet.mvc.method.annotation.RequestMappingHandlerAdapter   - Looking for @ControllerAdvice: org.springframework.boot.web.servlet.context.AnnotationConfigServletWebServerApplicationContext@66b244ce: startup date [Fri Aug 24 17:27:33 CST 2018]; root of context hierarchy
2018-08-24 at 17:27:38 CST [main] WARN  org.springframework.boot.autoconfigure.orm.jpa.JpaBaseConfiguration$JpaWebConfiguration$JpaWebMvcConfiguration   - spring.jpa.open-in-view is enabled by default. Therefore, database queries may be performed during view rendering. Explicitly configure spring.jpa.open-in-view to disable this warning
2018-08-24 at 17:27:38 CST [main] INFO  org.springframework.web.servlet.mvc.method.annotation.RequestMappingHandlerMapping   - Mapped "{[/error]}" onto public org.springframework.http.ResponseEntity<java.util.Map<java.lang.String, java.lang.Object>> org.springframework.boot.autoconfigure.web.servlet.error.BasicErrorController.error(javax.servlet.http.HttpServletRequest)
2018-08-24 at 17:27:38 CST [main] INFO  org.springframework.web.servlet.mvc.method.annotation.RequestMappingHandlerMapping   - Mapped "{[/error],produces=[text/html]}" onto public org.springframework.web.servlet.ModelAndView org.springframework.boot.autoconfigure.web.servlet.error.BasicErrorController.errorHtml(javax.servlet.http.HttpServletRequest,javax.servlet.http.HttpServletResponse)
2018-08-24 at 17:27:38 CST [main] INFO  org.springframework.web.servlet.handler.SimpleUrlHandlerMapping   - Mapped URL path [/webjars/**] onto handler of type [class org.springframework.web.servlet.resource.ResourceHttpRequestHandler]
2018-08-24 at 17:27:38 CST [main] INFO  org.springframework.web.servlet.handler.SimpleUrlHandlerMapping   - Mapped URL path [/**] onto handler of type [class org.springframework.web.servlet.resource.ResourceHttpRequestHandler]
2018-08-24 at 17:27:38 CST [main] INFO  org.springframework.jmx.export.annotation.AnnotationMBeanExporter   - Registering beans for JMX exposure on startup
2018-08-24 at 17:27:38 CST [main] INFO  org.springframework.jmx.export.annotation.AnnotationMBeanExporter   - Bean with name 'dataSource' has been autodetected for JMX exposure
2018-08-24 at 17:27:38 CST [main] INFO  org.springframework.jmx.export.annotation.AnnotationMBeanExporter   - Located MBean 'dataSource': registering with JMX server as MBean [com.zaxxer.hikari:name=dataSource,type=HikariDataSource]
2018-08-24 at 17:27:38 CST [main] INFO  org.springframework.boot.web.embedded.tomcat.TomcatWebServer   - Tomcat started on port(s): 8080 (http) with context path ''
2018-08-24 at 17:27:38 CST [main] INFO  com.saf.als.TomcatRun   - Started TomcatRun in 6.266 seconds (JVM running for 14.215)
2018-08-24 at 17:27:47 CST [http-nio-8080-exec-1] INFO  org.springframework.web.servlet.DispatcherServlet   - FrameworkServlet 'dispatcherServlet': initialization started
2018-08-24 at 17:31:57 CST [background-preinit] INFO  org.hibernate.validator.internal.util.Version   - HV000001: Hibernate Validator 6.0.9.Final
2018-08-24 at 17:31:57 CST [main] INFO  com.saf.als.TomcatRun   - Starting TomcatRun on zhaozengbindeMacBook-Pro.local with PID 33012 (/Users/zhaozengbin/git/com-saf-parent/com-saf-als/target/classes started by zhaozengbin in /Users/zhaozengbin/git/com-saf-parent/com-saf-als)
2018-08-24 at 17:31:57 CST [main] INFO  com.saf.als.TomcatRun   - The following profiles are active: @profiles.active@
2018-08-24 at 17:31:57 CST [main] INFO  org.springframework.boot.web.servlet.context.AnnotationConfigServletWebServerApplicationContext   - Refreshing org.springframework.boot.web.servlet.context.AnnotationConfigServletWebServerApplicationContext@7d1a4c17: startup date [Fri Aug 24 17:31:57 CST 2018]; root of context hierarchy
2018-08-24 at 17:34:56 CST [background-preinit] INFO  org.hibernate.validator.internal.util.Version   - HV000001: Hibernate Validator 6.0.9.Final
2018-08-24 at 17:34:57 CST [main] INFO  com.saf.als.TomcatRun   - Starting TomcatRun on zhaozengbindeMacBook-Pro.local with PID 33037 (/Users/zhaozengbin/git/com-saf-parent/com-saf-als/target/classes started by zhaozengbin in /Users/zhaozengbin/git/com-saf-parent/com-saf-als)
2018-08-24 at 17:34:57 CST [main] INFO  com.saf.als.TomcatRun   - The following profiles are active: @profiles.active@
2018-08-24 at 17:34:57 CST [main] INFO  org.springframework.boot.web.servlet.context.AnnotationConfigServletWebServerApplicationContext   - Refreshing org.springframework.boot.web.servlet.context.AnnotationConfigServletWebServerApplicationContext@70e0b93f: startup date [Fri Aug 24 17:34:57 CST 2018]; root of context hierarchy
2018-08-24 at 17:35:37 CST [background-preinit] INFO  org.hibernate.validator.internal.util.Version   - HV000001: Hibernate Validator 6.0.9.Final
2018-08-24 at 17:35:37 CST [main] INFO  com.saf.als.TomcatRun   - Starting TomcatRun on zhaozengbindeMacBook-Pro.local with PID 33043 (/Users/zhaozengbin/git/com-saf-parent/com-saf-als/target/classes started by zhaozengbin in /Users/zhaozengbin/git/com-saf-parent/com-saf-als)
2018-08-24 at 17:35:37 CST [main] INFO  com.saf.als.TomcatRun   - The following profiles are active: @profiles.active@
2018-08-24 at 17:35:37 CST [main] INFO  org.springframework.boot.web.servlet.context.AnnotationConfigServletWebServerApplicationContext   - Refreshing org.springframework.boot.web.servlet.context.AnnotationConfigServletWebServerApplicationContext@7544cf7c: startup date [Fri Aug 24 17:35:37 CST 2018]; root of context hierarchy
