2018-08-24 at 16:20:58 CST [main] ERROR org.springframework.boot.SpringApplication   - Application run failed org.springframework.beans.factory.BeanCreationException: Error creating bean with name 'gsonBuilder' defined in class path resource [org/springframework/boot/autoconfigure/gson/GsonAutoConfiguration.class]: Bean instantiation via factory method failed; nested exception is org.springframework.beans.BeanInstantiationException: Failed to instantiate [com.google.gson.GsonBuilder]: Factory method 'gsonBuilder' threw exception; nested exception is java.lang.BootstrapMethodError: java.lang.NoSuchMethodError: com.google.gson.GsonBuilder.setLenient()Lcom/google/gson/GsonBuilder;
	at org.springframework.beans.factory.support.ConstructorResolver.instantiateUsingFactoryMethod(ConstructorResolver.java:587) ~[spring-beans-5.0.5.RELEASE.jar:5.0.5.RELEASE]
	at org.springframework.beans.factory.support.AbstractAutowireCapableBeanFactory.instantiateUsingFactoryMethod(AbstractAutowireCapableBeanFactory.java:1250) ~[spring-beans-5.0.5.RELEASE.jar:5.0.5.RELEASE]
	at org.springframework.beans.factory.support.AbstractAutowireCapableBeanFactory.createBeanInstance(AbstractAutowireCapableBeanFactory.java:1099) ~[spring-beans-5.0.5.RELEASE.jar:5.0.5.RELEASE]
	at org.springframework.beans.factory.support.AbstractAutowireCapableBeanFactory.doCreateBean(AbstractAutowireCapableBeanFactory.java:541) ~[spring-beans-5.0.5.RELEASE.jar:5.0.5.RELEASE]
	at org.springframework.beans.factory.support.AbstractAutowireCapableBeanFactory.createBean(AbstractAutowireCapableBeanFactory.java:501) ~[spring-beans-5.0.5.RELEASE.jar:5.0.5.RELEASE]
	at org.springframework.beans.factory.support.AbstractBeanFactory.lambda$doGetBean$0(AbstractBeanFactory.java:317) ~[spring-beans-5.0.5.RELEASE.jar:5.0.5.RELEASE]
	at org.springframework.beans.factory.support.DefaultSingletonBeanRegistry.getSingleton(DefaultSingletonBeanRegistry.java:228) ~[spring-beans-5.0.5.RELEASE.jar:5.0.5.RELEASE]
	at org.springframework.beans.factory.support.AbstractBeanFactory.doGetBean(AbstractBeanFactory.java:315) ~[spring-beans-5.0.5.RELEASE.jar:5.0.5.RELEASE]
	at org.springframework.beans.factory.support.AbstractBeanFactory.getBean(AbstractBeanFactory.java:199) ~[spring-beans-5.0.5.RELEASE.jar:5.0.5.RELEASE]
	at org.springframework.beans.factory.support.DefaultListableBeanFactory.preInstantiateSingletons(DefaultListableBeanFactory.java:760) ~[spring-beans-5.0.5.RELEASE.jar:5.0.5.RELEASE]
	at org.springframework.context.support.AbstractApplicationContext.finishBeanFactoryInitialization(AbstractApplicationContext.java:869) ~[spring-context-5.0.5.RELEASE.jar:5.0.5.RELEASE]
	at org.springframework.context.support.AbstractApplicationContext.refresh(AbstractApplicationContext.java:550) ~[spring-context-5.0.5.RELEASE.jar:5.0.5.RELEASE]
	at org.springframework.boot.web.servlet.context.ServletWebServerApplicationContext.refresh(ServletWebServerApplicationContext.java:140) ~[spring-boot-2.0.1.RELEASE.jar:2.0.1.RELEASE]
	at org.springframework.boot.SpringApplication.refresh(SpringApplication.java:759) ~[spring-boot-2.0.1.RELEASE.jar:2.0.1.RELEASE]
	at org.springframework.boot.SpringApplication.refreshContext(SpringApplication.java:395) ~[spring-boot-2.0.1.RELEASE.jar:2.0.1.RELEASE]
	at org.springframework.boot.SpringApplication.run(SpringApplication.java:327) ~[spring-boot-2.0.1.RELEASE.jar:2.0.1.RELEASE]
	at org.springframework.boot.SpringApplication.run(SpringApplication.java:1255) ~[spring-boot-2.0.1.RELEASE.jar:2.0.1.RELEASE]
	at org.springframework.boot.SpringApplication.run(SpringApplication.java:1243) ~[spring-boot-2.0.1.RELEASE.jar:2.0.1.RELEASE]
	at com.saf.als.TomcatRun.main(TomcatRun.java:9) ~[classes/:?]
	at sun.reflect.NativeMethodAccessorImpl.invoke0(Native Method) ~[?:1.8.0_151]
	at sun.reflect.NativeMethodAccessorImpl.invoke(NativeMethodAccessorImpl.java:62) ~[?:1.8.0_151]
	at sun.reflect.DelegatingMethodAccessorImpl.invoke(DelegatingMethodAccessorImpl.java:43) ~[?:1.8.0_151]
	at java.lang.reflect.Method.invoke(Method.java:498) ~[?:1.8.0_151]
	at org.springframework.boot.maven.AbstractRunMojo$LaunchRunner.run(AbstractRunMojo.java:496) ~[?:?]
	at java.lang.Thread.run(Thread.java:748) [?:1.8.0_151]
Caused by: org.springframework.beans.BeanInstantiationException: Failed to instantiate [com.google.gson.GsonBuilder]: Factory method 'gsonBuilder' threw exception; nested exception is java.lang.BootstrapMethodError: java.lang.NoSuchMethodError: com.google.gson.GsonBuilder.setLenient()Lcom/google/gson/GsonBuilder;
	at org.springframework.beans.factory.support.SimpleInstantiationStrategy.instantiate(SimpleInstantiationStrategy.java:185) ~[spring-beans-5.0.5.RELEASE.jar:5.0.5.RELEASE]
	at org.springframework.beans.factory.support.ConstructorResolver.instantiateUsingFactoryMethod(ConstructorResolver.java:579) ~[spring-beans-5.0.5.RELEASE.jar:5.0.5.RELEASE]
	... 24 more
Caused by: java.lang.BootstrapMethodError: java.lang.NoSuchMethodError: com.google.gson.GsonBuilder.setLenient()Lcom/google/gson/GsonBuilder;
	at org.springframework.boot.autoconfigure.gson.GsonAutoConfiguration$StandardGsonBuilderCustomizer.customize(GsonAutoConfiguration.java:96) ~[spring-boot-autoconfigure-2.0.1.RELEASE.jar:2.0.1.RELEASE]
	at org.springframework.boot.autoconfigure.gson.GsonAutoConfiguration.lambda$gsonBuilder$0(GsonAutoConfiguration.java:49) ~[spring-boot-autoconfigure-2.0.1.RELEASE.jar:2.0.1.RELEASE]
	at java.util.ArrayList.forEach(ArrayList.java:1255) ~[?:1.8.0_151]
	at org.springframework.boot.autoconfigure.gson.GsonAutoConfiguration.gsonBuilder(GsonAutoConfiguration.java:49) ~[spring-boot-autoconfigure-2.0.1.RELEASE.jar:2.0.1.RELEASE]
	at org.springframework.boot.autoconfigure.gson.GsonAutoConfiguration$$EnhancerBySpringCGLIB$$39c3aaf1.CGLIB$gsonBuilder$2(<generated>) ~[spring-boot-autoconfigure-2.0.1.RELEASE.jar:2.0.1.RELEASE]
	at org.springframework.boot.autoconfigure.gson.GsonAutoConfiguration$$EnhancerBySpringCGLIB$$39c3aaf1$$FastClassBySpringCGLIB$$76695715.invoke(<generated>) ~[spring-boot-autoconfigure-2.0.1.RELEASE.jar:2.0.1.RELEASE]
	at org.springframework.cglib.proxy.MethodProxy.invokeSuper(MethodProxy.java:228) ~[spring-core-5.0.5.RELEASE.jar:5.0.5.RELEASE]
	at org.springframework.context.annotation.ConfigurationClassEnhancer$BeanMethodInterceptor.intercept(ConfigurationClassEnhancer.java:361) ~[spring-context-5.0.5.RELEASE.jar:5.0.5.RELEASE]
	at org.springframework.boot.autoconfigure.gson.GsonAutoConfiguration$$EnhancerBySpringCGLIB$$39c3aaf1.gsonBuilder(<generated>) ~[spring-boot-autoconfigure-2.0.1.RELEASE.jar:2.0.1.RELEASE]
	at sun.reflect.NativeMethodAccessorImpl.invoke0(Native Method) ~[?:1.8.0_151]
	at sun.reflect.NativeMethodAccessorImpl.invoke(NativeMethodAccessorImpl.java:62) ~[?:1.8.0_151]
	at sun.reflect.DelegatingMethodAccessorImpl.invoke(DelegatingMethodAccessorImpl.java:43) ~[?:1.8.0_151]
	at java.lang.reflect.Method.invoke(Method.java:498) ~[?:1.8.0_151]
	at org.springframework.beans.factory.support.SimpleInstantiationStrategy.instantiate(SimpleInstantiationStrategy.java:154) ~[spring-beans-5.0.5.RELEASE.jar:5.0.5.RELEASE]
	at org.springframework.beans.factory.support.ConstructorResolver.instantiateUsingFactoryMethod(ConstructorResolver.java:579) ~[spring-beans-5.0.5.RELEASE.jar:5.0.5.RELEASE]
	... 24 more
Caused by: java.lang.NoSuchMethodError: com.google.gson.GsonBuilder.setLenient()Lcom/google/gson/GsonBuilder;
	at java.lang.invoke.MethodHandleNatives.resolve(Native Method) ~[?:1.8.0_151]
	at java.lang.invoke.MemberName$Factory.resolve(MemberName.java:975) ~[?:1.8.0_151]
	at java.lang.invoke.MemberName$Factory.resolveOrFail(MemberName.java:1000) ~[?:1.8.0_151]
	at java.lang.invoke.MethodHandles$Lookup.resolveOrFail(MethodHandles.java:1394) ~[?:1.8.0_151]
	at java.lang.invoke.MethodHandles$Lookup.linkMethodHandleConstant(MethodHandles.java:1750) ~[?:1.8.0_151]
	at java.lang.invoke.MethodHandleNatives.linkMethodHandleConstant(MethodHandleNatives.java:477) ~[?:1.8.0_151]
	at org.springframework.boot.autoconfigure.gson.GsonAutoConfiguration$StandardGsonBuilderCustomizer.customize(GsonAutoConfiguration.java:96) ~[spring-boot-autoconfigure-2.0.1.RELEASE.jar:2.0.1.RELEASE]
	at org.springframework.boot.autoconfigure.gson.GsonAutoConfiguration.lambda$gsonBuilder$0(GsonAutoConfiguration.java:49) ~[spring-boot-autoconfigure-2.0.1.RELEASE.jar:2.0.1.RELEASE]
	at java.util.ArrayList.forEach(ArrayList.java:1255) ~[?:1.8.0_151]
	at org.springframework.boot.autoconfigure.gson.GsonAutoConfiguration.gsonBuilder(GsonAutoConfiguration.java:49) ~[spring-boot-autoconfigure-2.0.1.RELEASE.jar:2.0.1.RELEASE]
	at org.springframework.boot.autoconfigure.gson.GsonAutoConfiguration$$EnhancerBySpringCGLIB$$39c3aaf1.CGLIB$gsonBuilder$2(<generated>) ~[spring-boot-autoconfigure-2.0.1.RELEASE.jar:2.0.1.RELEASE]
	at org.springframework.boot.autoconfigure.gson.GsonAutoConfiguration$$EnhancerBySpringCGLIB$$39c3aaf1$$FastClassBySpringCGLIB$$76695715.invoke(<generated>) ~[spring-boot-autoconfigure-2.0.1.RELEASE.jar:2.0.1.RELEASE]
	at org.springframework.cglib.proxy.MethodProxy.invokeSuper(MethodProxy.java:228) ~[spring-core-5.0.5.RELEASE.jar:5.0.5.RELEASE]
	at org.springframework.context.annotation.ConfigurationClassEnhancer$BeanMethodInterceptor.intercept(ConfigurationClassEnhancer.java:361) ~[spring-context-5.0.5.RELEASE.jar:5.0.5.RELEASE]
	at org.springframework.boot.autoconfigure.gson.GsonAutoConfiguration$$EnhancerBySpringCGLIB$$39c3aaf1.gsonBuilder(<generated>) ~[spring-boot-autoconfigure-2.0.1.RELEASE.jar:2.0.1.RELEASE]
	at sun.reflect.NativeMethodAccessorImpl.invoke0(Native Method) ~[?:1.8.0_151]
	at sun.reflect.NativeMethodAccessorImpl.invoke(NativeMethodAccessorImpl.java:62) ~[?:1.8.0_151]
	at sun.reflect.DelegatingMethodAccessorImpl.invoke(DelegatingMethodAccessorImpl.java:43) ~[?:1.8.0_151]
	at java.lang.reflect.Method.invoke(Method.java:498) ~[?:1.8.0_151]
	at org.springframework.beans.factory.support.SimpleInstantiationStrategy.instantiate(SimpleInstantiationStrategy.java:154) ~[spring-beans-5.0.5.RELEASE.jar:5.0.5.RELEASE]
	at org.springframework.beans.factory.support.ConstructorResolver.instantiateUsingFactoryMethod(ConstructorResolver.java:579) ~[spring-beans-5.0.5.RELEASE.jar:5.0.5.RELEASE]
	... 24 more

2018-08-24 at 17:31:57 CST [main] ERROR org.springframework.boot.SpringApplication   - Application run failed java.lang.NoClassDefFoundError: org/springframework/expression/ParserContext
	at org.springframework.context.support.AbstractApplicationContext.prepareBeanFactory(AbstractApplicationContext.java:637) ~[spring-context-5.0.5.RELEASE.jar:5.0.5.RELEASE]
	at org.springframework.context.support.AbstractApplicationContext.refresh(AbstractApplicationContext.java:525) ~[spring-context-5.0.5.RELEASE.jar:5.0.5.RELEASE]
	at org.springframework.boot.web.servlet.context.ServletWebServerApplicationContext.refresh(ServletWebServerApplicationContext.java:140) ~[spring-boot-2.0.1.RELEASE.jar:2.0.1.RELEASE]
	at org.springframework.boot.SpringApplication.refresh(SpringApplication.java:759) ~[spring-boot-2.0.1.RELEASE.jar:2.0.1.RELEASE]
	at org.springframework.boot.SpringApplication.refreshContext(SpringApplication.java:395) ~[spring-boot-2.0.1.RELEASE.jar:2.0.1.RELEASE]
	at org.springframework.boot.SpringApplication.run(SpringApplication.java:327) ~[spring-boot-2.0.1.RELEASE.jar:2.0.1.RELEASE]
	at org.springframework.boot.SpringApplication.run(SpringApplication.java:1255) ~[spring-boot-2.0.1.RELEASE.jar:2.0.1.RELEASE]
	at org.springframework.boot.SpringApplication.run(SpringApplication.java:1243) ~[spring-boot-2.0.1.RELEASE.jar:2.0.1.RELEASE]
	at com.saf.als.TomcatRun.main(TomcatRun.java:9) ~[classes/:?]
	at sun.reflect.NativeMethodAccessorImpl.invoke0(Native Method) ~[?:1.8.0_151]
	at sun.reflect.NativeMethodAccessorImpl.invoke(NativeMethodAccessorImpl.java:62) ~[?:1.8.0_151]
	at sun.reflect.DelegatingMethodAccessorImpl.invoke(DelegatingMethodAccessorImpl.java:43) ~[?:1.8.0_151]
	at java.lang.reflect.Method.invoke(Method.java:498) ~[?:1.8.0_151]
	at org.springframework.boot.maven.AbstractRunMojo$LaunchRunner.run(AbstractRunMojo.java:496) ~[?:?]
	at java.lang.Thread.run(Thread.java:748) [?:1.8.0_151]
Caused by: java.lang.ClassNotFoundException: org.springframework.expression.ParserContext
	at java.net.URLClassLoader.findClass(URLClassLoader.java:381) ~[?:1.8.0_151]
	at java.lang.ClassLoader.loadClass(ClassLoader.java:424) ~[?:1.8.0_151]
	at java.lang.ClassLoader.loadClass(ClassLoader.java:357) ~[?:1.8.0_151]
	... 15 more

2018-08-24 at 17:34:57 CST [main] ERROR org.springframework.boot.SpringApplication   - Application run failed java.lang.NoClassDefFoundError: org/springframework/expression/ParserContext
	at org.springframework.context.support.AbstractApplicationContext.prepareBeanFactory(AbstractApplicationContext.java:637) ~[spring-context-5.0.5.RELEASE.jar:5.0.5.RELEASE]
	at org.springframework.context.support.AbstractApplicationContext.refresh(AbstractApplicationContext.java:525) ~[spring-context-5.0.5.RELEASE.jar:5.0.5.RELEASE]
	at org.springframework.boot.web.servlet.context.ServletWebServerApplicationContext.refresh(ServletWebServerApplicationContext.java:140) ~[spring-boot-2.0.1.RELEASE.jar:2.0.1.RELEASE]
	at org.springframework.boot.SpringApplication.refresh(SpringApplication.java:759) ~[spring-boot-2.0.1.RELEASE.jar:2.0.1.RELEASE]
	at org.springframework.boot.SpringApplication.refreshContext(SpringApplication.java:395) ~[spring-boot-2.0.1.RELEASE.jar:2.0.1.RELEASE]
	at org.springframework.boot.SpringApplication.run(SpringApplication.java:327) ~[spring-boot-2.0.1.RELEASE.jar:2.0.1.RELEASE]
	at org.springframework.boot.SpringApplication.run(SpringApplication.java:1255) ~[spring-boot-2.0.1.RELEASE.jar:2.0.1.RELEASE]
	at org.springframework.boot.SpringApplication.run(SpringApplication.java:1243) ~[spring-boot-2.0.1.RELEASE.jar:2.0.1.RELEASE]
	at com.saf.als.TomcatRun.main(TomcatRun.java:9) ~[classes/:?]
	at sun.reflect.NativeMethodAccessorImpl.invoke0(Native Method) ~[?:1.8.0_151]
	at sun.reflect.NativeMethodAccessorImpl.invoke(NativeMethodAccessorImpl.java:62) ~[?:1.8.0_151]
	at sun.reflect.DelegatingMethodAccessorImpl.invoke(DelegatingMethodAccessorImpl.java:43) ~[?:1.8.0_151]
	at java.lang.reflect.Method.invoke(Method.java:498) ~[?:1.8.0_151]
	at org.springframework.boot.maven.AbstractRunMojo$LaunchRunner.run(AbstractRunMojo.java:496) ~[?:?]
	at java.lang.Thread.run(Thread.java:748) [?:1.8.0_151]
Caused by: java.lang.ClassNotFoundException: org.springframework.expression.ParserContext
	at java.net.URLClassLoader.findClass(URLClassLoader.java:381) ~[?:1.8.0_151]
	at java.lang.ClassLoader.loadClass(ClassLoader.java:424) ~[?:1.8.0_151]
	at java.lang.ClassLoader.loadClass(ClassLoader.java:357) ~[?:1.8.0_151]
	... 15 more

2018-08-24 at 17:35:37 CST [main] ERROR org.springframework.boot.SpringApplication   - Application run failed java.lang.NoClassDefFoundError: org/springframework/expression/ParserContext
	at org.springframework.context.support.AbstractApplicationContext.prepareBeanFactory(AbstractApplicationContext.java:637) ~[spring-context-5.0.5.RELEASE.jar:5.0.5.RELEASE]
	at org.springframework.context.support.AbstractApplicationContext.refresh(AbstractApplicationContext.java:525) ~[spring-context-5.0.5.RELEASE.jar:5.0.5.RELEASE]
	at org.springframework.boot.web.servlet.context.ServletWebServerApplicationContext.refresh(ServletWebServerApplicationContext.java:140) ~[spring-boot-2.0.1.RELEASE.jar:2.0.1.RELEASE]
	at org.springframework.boot.SpringApplication.refresh(SpringApplication.java:759) ~[spring-boot-2.0.1.RELEASE.jar:2.0.1.RELEASE]
	at org.springframework.boot.SpringApplication.refreshContext(SpringApplication.java:395) ~[spring-boot-2.0.1.RELEASE.jar:2.0.1.RELEASE]
	at org.springframework.boot.SpringApplication.run(SpringApplication.java:327) ~[spring-boot-2.0.1.RELEASE.jar:2.0.1.RELEASE]
	at org.springframework.boot.SpringApplication.run(SpringApplication.java:1255) ~[spring-boot-2.0.1.RELEASE.jar:2.0.1.RELEASE]
	at org.springframework.boot.SpringApplication.run(SpringApplication.java:1243) ~[spring-boot-2.0.1.RELEASE.jar:2.0.1.RELEASE]
	at com.saf.als.TomcatRun.main(TomcatRun.java:9) ~[classes/:?]
	at sun.reflect.NativeMethodAccessorImpl.invoke0(Native Method) ~[?:1.8.0_151]
	at sun.reflect.NativeMethodAccessorImpl.invoke(NativeMethodAccessorImpl.java:62) ~[?:1.8.0_151]
	at sun.reflect.DelegatingMethodAccessorImpl.invoke(DelegatingMethodAccessorImpl.java:43) ~[?:1.8.0_151]
	at java.lang.reflect.Method.invoke(Method.java:498) ~[?:1.8.0_151]
	at org.springframework.boot.maven.AbstractRunMojo$LaunchRunner.run(AbstractRunMojo.java:496) ~[?:?]
	at java.lang.Thread.run(Thread.java:748) [?:1.8.0_151]
Caused by: java.lang.ClassNotFoundException: org.springframework.expression.ParserContext
	at java.net.URLClassLoader.findClass(URLClassLoader.java:381) ~[?:1.8.0_151]
	at java.lang.ClassLoader.loadClass(ClassLoader.java:424) ~[?:1.8.0_151]
	at java.lang.ClassLoader.loadClass(ClassLoader.java:357) ~[?:1.8.0_151]
	... 15 more

