#
# A fatal error has been detected by the Java Runtime Environment:
#
#  SIGBUS (0xa) at pc=0x0000000101088e92, pid=71519, tid=0x0000000000002503
#
# JRE version: Java(TM) SE Runtime Environment (8.0_151-b12) (build 1.8.0_151-b12)
# Java VM: Java HotSpot(TM) 64-Bit Server VM (25.151-b12 mixed mode bsd-amd64 compressed oops)
# Problematic frame:
# C  [libzip.dylib+0x2e92]  newEntry+0x154
#
# Failed to write core dump. Core dumps have been disabled. To enable core dumping, try "ulimit -c unlimited" before starting Java again
#
# If you would like to submit a bug report, please visit:
#   http://bugreport.java.com/bugreport/crash.jsp
# The crash happened outside the Java Virtual Machine in native code.
# See problematic frame for where to report the bug.
#

---------------  T H R E A D  ---------------

Current thread (0x00007ffc0c801800):  JavaThread "main" [_thread_in_native, id=9475, stack(0x0000700002072000,0x0000700002172000)]

siginfo: si_signo: 10 (SIGBUS), si_code: 2 (BUS_ADRERR), si_addr: 0x0000000120af9c0c

Registers:
RAX=0x00007ffc0c109360, RBX=0x0000000120af9c00, RCX=0x0000000000000001, RDX=0x0000000000000000
RSP=0x000070000216fcd0, RBP=0x000070000216fd30, RSI=0x00000000fffffff0, RDI=0x000000000000009d
R8 =0x00000000c0c109c4, R9 =0x0000000000000004, R10=0x00000000fffffff0, R11=0x00007ffc0c100000
R12=0x00007ffc0d88ea00, R13=0x0000000000000090, R14=0x000000005137b03e, R15=0x00007ffc0b43b920
RIP=0x0000000101088e92, EFLAGS=0x0000000000010206, ERR=0x0000000000000004
  TRAPNO=0x000000000000000e

Top of Stack: (sp=0x000070000216fcd0)
0x000070000216fcd0:   000070000216fd60 00000000029cd5e6
0x000070000216fce0:   0000000100000013 00007ffc0c801800
0x000070000216fcf0:   000070000216fd10 00007ffc0c109360
0x000070000216fd00:   00007ffc0c109bf0 00007ffc0c109360
0x000070000216fd10:   00007ffc0d88ea00 0000000000000090
0x000070000216fd20:   000000005137b03e 00007ffc0b43b920
0x000070000216fd30:   000070000216fd90 000000010108952d
0x000070000216fd40:   000070000216fde0 000070000216fddf
0x000070000216fd50:   0000003000000000 0000003100801800
0x000070000216fd60:   000070000216fdae 0000700002170280
0x000070000216fd70:   0000000000000031 000070000216fdae
0x000070000216fd80:   00007ffc0c109360 00007ffc0c8019f8
0x000070000216fd90:   00007000021701e0 0000000101088238
0x000070000216fda0:   00000007c0043b28 6f63000100000000
0x000070000216fdb0:   6c6c65746e692f6d 65642f74722f6a69
0x000070000216fdc0:   612f726567677562 7061432f746e6567
0x000070000216fdd0:   6e65674165727574 007373616c632e74
0x000070000216fde0:   000000011bb36fa0 000000011bd2c570
0x000070000216fdf0:   000070000216fe40 00000001027f3a57
0x000070000216fe00:   00000007c0043b28 000000011bd2e5a8
0x000070000216fe10:   00007ffc0c801800 000000011bd2e5a8
0x000070000216fe20:   00007ffc0c801800 000000011bd2e5a8
0x000070000216fe30:   000000011bd2e5a8 000000011bd2e5a8
0x000070000216fe40:   000000011bd2e5a8 000000011bcf4170
0x000070000216fe50:   000070000216fea0 00000001027f3a57
0x000070000216fe60:   000000011bcf4170 00000007c0043b28
0x000070000216fe70:   00007ffc0c801800 000000011bd2e5a8
0x000070000216fe80:   00007ffc0c004468 00007000021700d8
0x000070000216fe90:   000070000216ff00 00000001029cdc61
0x000070000216fea0:   00007ffc0c801800 00000007c0043b28
0x000070000216feb0:   000000011bd2e5a8 00007ffc0c801800
0x000070000216fec0:   000000011bd2e5a8 00007ffc0c801800 

Instructions: (pc=0x0000000101088e92)
0x0000000101088e72:   49 8b 7f 38 e8 5b 1b 00 00 4d 89 77 38 49 89 5f
0x0000000101088e82:   40 4c 89 f0 48 85 c0 0f 84 11 05 00 00 48 89 c3
0x0000000101088e92:   0f b6 43 0c 0f b6 4b 0d 48 c1 e1 08 48 01 c1 0f
0x0000000101088ea2:   b6 43 0e 0f b6 53 0f 48 c1 e2 08 48 01 c2 48 c1 

Register to memory mapping:

RAX=0x00007ffc0c109360 is an unknown value
RBX=0x0000000120af9c00 is an unknown value
RCX=0x0000000000000001 is an unknown value
RDX=0x0000000000000000 is an unknown value
RSP=0x000070000216fcd0 is pointing into the stack for thread: 0x00007ffc0c801800
RBP=0x000070000216fd30 is pointing into the stack for thread: 0x00007ffc0c801800
RSI=0x00000000fffffff0 is an unknown value
RDI=0x000000000000009d is an unknown value
R8 =0x00000000c0c109c4 is an unknown value
R9 =0x0000000000000004 is an unknown value
R10=0x00000000fffffff0 is an unknown value
R11=0x00007ffc0c100000 is an unknown value
R12=0x00007ffc0d88ea00 is an unknown value
R13=0x0000000000000090 is an unknown value
R14=0x000000005137b03e is an unknown value
R15=0x00007ffc0b43b920 is an unknown value


Stack: [0x0000700002072000,0x0000700002172000],  sp=0x000070000216fcd0,  free space=1015k
Native frames: (J=compiled Java code, j=interpreted, Vv=VM code, C=native code)
C  [libzip.dylib+0x2e92]  newEntry+0x154
C  [libzip.dylib+0x352d]  ZIP_GetEntry2+0xd4
C  [libzip.dylib+0x2238]  Java_java_util_zip_ZipFile_getEntry+0xcf
j  java.util.zip.ZipFile.getEntry(J[BZ)J+0
j  java.util.zip.ZipFile.getInputStream(Ljava/util/zip/ZipEntry;)Ljava/io/InputStream;+88
j  java.util.jar.JarFile.getInputStream(Ljava/util/zip/ZipEntry;)Ljava/io/InputStream;+42
j  sun.misc.URLClassPath$JarLoader$2.getInputStream()Ljava/io/InputStream;+11
j  sun.misc.Resource.cachedInputStream()Ljava/io/InputStream;+9
j  sun.misc.Resource.getByteBuffer()Ljava/nio/ByteBuffer;+1
j  java.net.URLClassLoader.defineClass(Ljava/lang/String;Lsun/misc/Resource;)Ljava/lang/Class;+50
j  java.net.URLClassLoader.access$100(Ljava/net/URLClassLoader;Ljava/lang/String;Lsun/misc/Resource;)Ljava/lang/Class;+3
j  java.net.URLClassLoader$1.run()Ljava/lang/Class;+43
j  java.net.URLClassLoader$1.run()Ljava/lang/Object;+1
v  ~StubRoutines::call_stub
V  [libjvm.dylib+0x2ee9aa]  JavaCalls::call_helper(JavaValue*, methodHandle*, JavaCallArguments*, Thread*)+0x6ae
V  [libjvm.dylib+0x34f108]  JVM_DoPrivileged+0x4b8
j  java.security.AccessController.doPrivileged(Ljava/security/PrivilegedExceptionAction;Ljava/security/AccessControlContext;)Ljava/lang/Object;+0
j  java.net.URLClassLoader.findClass(Ljava/lang/String;)Ljava/lang/Class;+13
j  java.lang.ClassLoader.loadClass(Ljava/lang/String;Z)Ljava/lang/Class;+70
j  sun.misc.Launcher$AppClassLoader.loadClass(Ljava/lang/String;Z)Ljava/lang/Class;+81
j  java.lang.ClassLoader.loadClass(Ljava/lang/String;)Ljava/lang/Class;+3
j  sun.instrument.InstrumentationImpl.loadClassAndStartAgent(Ljava/lang/String;Ljava/lang/String;Ljava/lang/String;)V+8
j  sun.instrument.InstrumentationImpl.loadClassAndCallPremain(Ljava/lang/String;Ljava/lang/String;)V+5
v  ~StubRoutines::call_stub
V  [libjvm.dylib+0x2ee9aa]  JavaCalls::call_helper(JavaValue*, methodHandle*, JavaCallArguments*, Thread*)+0x6ae
V  [libjvm.dylib+0x325b59]  jni_invoke_nonstatic(JNIEnv_*, JavaValue*, _jobject*, JNICallType, _jmethodID*, JNI_ArgumentPusher*, Thread*)+0x2ec
V  [libjvm.dylib+0x318327]  jni_CallVoidMethod+0x16b
C  [libinstrument.dylib+0xb615]  invokeJavaAgentMainMethod+0x66
C  [libinstrument.dylib+0xb6a3]  startJavaAgent+0x5a
C  [libinstrument.dylib+0xb762]  processJavaStart+0xb1
C  [libinstrument.dylib+0x865e]  eventHandlerVMInit+0x34
V  [libjvm.dylib+0x3974b7]  JvmtiExport::post_vm_initialized()+0x171
V  [libjvm.dylib+0x56eea9]  Threads::create_vm(JavaVMInitArgs*, bool*)+0xd15
V  [libjvm.dylib+0x324eab]  JNI_CreateJavaVM+0x76
C  [java+0x30a1]  JavaMain+0x134
C  [libsystem_pthread.dylib+0x3661]  _pthread_body+0x154
C  [libsystem_pthread.dylib+0x350d]  _pthread_body+0x0
C  [libsystem_pthread.dylib+0x2bf9]  thread_start+0xd
C  0x0000000000000000

Java frames: (J=compiled Java code, j=interpreted, Vv=VM code)
j  java.util.zip.ZipFile.getEntry(J[BZ)J+0
j  java.util.zip.ZipFile.getInputStream(Ljava/util/zip/ZipEntry;)Ljava/io/InputStream;+88
j  java.util.jar.JarFile.getInputStream(Ljava/util/zip/ZipEntry;)Ljava/io/InputStream;+42
j  sun.misc.URLClassPath$JarLoader$2.getInputStream()Ljava/io/InputStream;+11
j  sun.misc.Resource.cachedInputStream()Ljava/io/InputStream;+9
j  sun.misc.Resource.getByteBuffer()Ljava/nio/ByteBuffer;+1
j  java.net.URLClassLoader.defineClass(Ljava/lang/String;Lsun/misc/Resource;)Ljava/lang/Class;+50
j  java.net.URLClassLoader.access$100(Ljava/net/URLClassLoader;Ljava/lang/String;Lsun/misc/Resource;)Ljava/lang/Class;+3
j  java.net.URLClassLoader$1.run()Ljava/lang/Class;+43
j  java.net.URLClassLoader$1.run()Ljava/lang/Object;+1
v  ~StubRoutines::call_stub
j  java.security.AccessController.doPrivileged(Ljava/security/PrivilegedExceptionAction;Ljava/security/AccessControlContext;)Ljava/lang/Object;+0
j  java.net.URLClassLoader.findClass(Ljava/lang/String;)Ljava/lang/Class;+13
j  java.lang.ClassLoader.loadClass(Ljava/lang/String;Z)Ljava/lang/Class;+70
j  sun.misc.Launcher$AppClassLoader.loadClass(Ljava/lang/String;Z)Ljava/lang/Class;+81
j  java.lang.ClassLoader.loadClass(Ljava/lang/String;)Ljava/lang/Class;+3
j  sun.instrument.InstrumentationImpl.loadClassAndStartAgent(Ljava/lang/String;Ljava/lang/String;Ljava/lang/String;)V+8
j  sun.instrument.InstrumentationImpl.loadClassAndCallPremain(Ljava/lang/String;Ljava/lang/String;)V+5
v  ~StubRoutines::call_stub

---------------  P R O C E S S  ---------------

Java Threads: ( => current thread )
  0x00007ffc0b85a000 JavaThread "JDWP Command Reader" daemon [_thread_in_native, id=14339, stack(0x0000700002f9f000,0x000070000309f000)]
  0x00007ffc0c81b000 JavaThread "JDWP Event Helper Thread" daemon [_thread_blocked, id=16131, stack(0x0000700002e9c000,0x0000700002f9c000)]
  0x00007ffc0f010000 JavaThread "JDWP Transport Listener: dt_socket" daemon [_thread_blocked, id=14087, stack(0x0000700002d99000,0x0000700002e99000)]
  0x00007ffc0e814000 JavaThread "Signal Dispatcher" daemon [_thread_blocked, id=16643, stack(0x0000700002c96000,0x0000700002d96000)]
  0x00007ffc0c80c000 JavaThread "Finalizer" daemon [_thread_blocked, id=12291, stack(0x0000700002b93000,0x0000700002c93000)]
  0x00007ffc0c810000 JavaThread "Reference Handler" daemon [_thread_blocked, id=19203, stack(0x0000700002a90000,0x0000700002b90000)]
=>0x00007ffc0c801800 JavaThread "main" [_thread_in_native, id=9475, stack(0x0000700002072000,0x0000700002172000)]

Other Threads:
  0x00007ffc0d818800 VMThread [stack: 0x000070000298d000,0x0000700002a8d000] [id=19459]

VM state:not at safepoint (normal execution)

VM Mutex/Monitor currently owned by a thread: None

Heap:
 PSYoungGen      total 76288K, used 7872K [0x000000076ab00000, 0x0000000770000000, 0x00000007c0000000)
  eden space 65536K, 12% used [0x000000076ab00000,0x000000076b2b0330,0x000000076eb00000)
  from space 10752K, 0% used [0x000000076f580000,0x000000076f580000,0x0000000770000000)
  to   space 10752K, 0% used [0x000000076eb00000,0x000000076eb00000,0x000000076f580000)
 ParOldGen       total 175104K, used 0K [0x00000006c0000000, 0x00000006cab00000, 0x000000076ab00000)
  object space 175104K, 0% used [0x00000006c0000000,0x00000006c0000000,0x00000006cab00000)
 Metaspace       used 2812K, capacity 4480K, committed 4480K, reserved 1056768K
  class space    used 302K, capacity 384K, committed 384K, reserved 1048576K

Card table byte_map: [0x00000001125a7000,0x0000000112da8000] byte_map_base: 0x000000010efa7000

Marking Bits: (ParMarkBitMap*) 0x0000000102ef35d0
 Begin Bits: [0x00000001132fe000, 0x00000001172fe000)
 End Bits:   [0x00000001172fe000, 0x000000011b2fe000)

Polling page: 0x0000000100f98000

CodeCache: size=245760Kb used=435Kb max_used=435Kb free=245324Kb
 bounds [0x00000001035a7000, 0x0000000103817000, 0x00000001125a7000]
 total_blobs=165 nmethods=0 adapters=140
 compilation: enabled

Compilation events (0 events):
No events

GC Heap History (0 events):
No events

Deoptimization events (0 events):
No events

Internal exceptions (10 events):
Event: 0.041 Thread 0x00007ffc0c801800 Exception <a 'java/lang/NoSuchMethodError': Method sun.misc.Unsafe.defineClass(Ljava/lang/String;[BII)Ljava/lang/Class; name or signature does not match> (0x000000076ab07ca8) thrown at [/Users/java_re/workspace/8-2-build-macosx-x86_64/jdk8u151/9699/hotspo
Event: 0.041 Thread 0x00007ffc0c801800 Exception <a 'java/lang/NoSuchMethodError': Method sun.misc.Unsafe.prefetchRead(Ljava/lang/Object;J)V name or signature does not match> (0x000000076ab07f90) thrown at [/Users/java_re/workspace/8-2-build-macosx-x86_64/jdk8u151/9699/hotspot/src/share/vm/pri
Event: 0.368 Thread 0x00007ffc0c801800 Exception <a 'java/security/PrivilegedActionException'> (0x000000076ae9c5c0) thrown at [/Users/java_re/workspace/8-2-build-macosx-x86_64/jdk8u151/9699/hotspot/src/share/vm/prims/jvm.cpp, line 1390]
Event: 0.368 Thread 0x00007ffc0c801800 Exception <a 'java/security/PrivilegedActionException'> (0x000000076ae9c7d0) thrown at [/Users/java_re/workspace/8-2-build-macosx-x86_64/jdk8u151/9699/hotspot/src/share/vm/prims/jvm.cpp, line 1390]
Event: 0.369 Thread 0x00007ffc0c801800 Exception <a 'java/security/PrivilegedActionException'> (0x000000076ae9d5b8) thrown at [/Users/java_re/workspace/8-2-build-macosx-x86_64/jdk8u151/9699/hotspot/src/share/vm/prims/jvm.cpp, line 1390]
Event: 0.369 Thread 0x00007ffc0c801800 Exception <a 'java/security/PrivilegedActionException'> (0x000000076ae9d7c8) thrown at [/Users/java_re/workspace/8-2-build-macosx-x86_64/jdk8u151/9699/hotspot/src/share/vm/prims/jvm.cpp, line 1390]
Event: 0.369 Thread 0x00007ffc0c801800 Exception <a 'java/security/PrivilegedActionException'> (0x000000076ae9e600) thrown at [/Users/java_re/workspace/8-2-build-macosx-x86_64/jdk8u151/9699/hotspot/src/share/vm/prims/jvm.cpp, line 1390]
Event: 0.369 Thread 0x00007ffc0c801800 Exception <a 'java/security/PrivilegedActionException'> (0x000000076ae9e810) thrown at [/Users/java_re/workspace/8-2-build-macosx-x86_64/jdk8u151/9699/hotspot/src/share/vm/prims/jvm.cpp, line 1390]
Event: 0.369 Thread 0x00007ffc0c801800 Exception <a 'java/security/PrivilegedActionException'> (0x000000076ae9f5f8) thrown at [/Users/java_re/workspace/8-2-build-macosx-x86_64/jdk8u151/9699/hotspot/src/share/vm/prims/jvm.cpp, line 1390]
Event: 0.369 Thread 0x00007ffc0c801800 Exception <a 'java/security/PrivilegedActionException'> (0x000000076ae9f808) thrown at [/Users/java_re/workspace/8-2-build-macosx-x86_64/jdk8u151/9699/hotspot/src/share/vm/prims/jvm.cpp, line 1390]

Events (10 events):
Event: 0.653 loading class sun/security/util/DisabledAlgorithmConstraints$DisabledConstraint
Event: 0.653 loading class sun/security/util/DisabledAlgorithmConstraints$Constraint
Event: 0.653 loading class sun/security/util/DisabledAlgorithmConstraints$Constraint done
Event: 0.653 loading class sun/security/util/DisabledAlgorithmConstraints$DisabledConstraint done
Event: 0.653 loading class sun/security/util/DisabledAlgorithmConstraints$KeySizeConstraint
Event: 0.653 loading class sun/security/util/DisabledAlgorithmConstraints$KeySizeConstraint done
Event: 0.653 loading class sun/security/util/DisabledAlgorithmConstraints$Constraint$Operator
Event: 0.653 loading class sun/security/util/DisabledAlgorithmConstraints$Constraint$Operator done
Event: 0.653 loading class sun/security/util/DisabledAlgorithmConstraints$1
Event: 0.653 loading class sun/security/util/DisabledAlgorithmConstraints$1 done


Dynamic libraries:
0x0000000001091000 	/System/Library/Frameworks/Cocoa.framework/Versions/A/Cocoa
0x0000000001091000 	/System/Library/Frameworks/Security.framework/Versions/A/Security
0x0000000001091000 	/System/Library/Frameworks/ApplicationServices.framework/Versions/A/ApplicationServices
0x0000000001091000 	/usr/lib/libz.1.dylib
0x0000000001091000 	/usr/lib/libSystem.B.dylib
0x0000000001091000 	/usr/lib/libobjc.A.dylib
0x0000000001091000 	/System/Library/Frameworks/CoreFoundation.framework/Versions/A/CoreFoundation
0x0000000001091000 	/System/Library/Frameworks/Foundation.framework/Versions/C/Foundation
0x0000000001091000 	/System/Library/Frameworks/AppKit.framework/Versions/C/AppKit
0x0000000001091000 	/System/Library/Frameworks/CoreData.framework/Versions/A/CoreData
0x0000000001091000 	/System/Library/PrivateFrameworks/RemoteViewServices.framework/Versions/A/RemoteViewServices
0x0000000001091000 	/System/Library/PrivateFrameworks/UIFoundation.framework/Versions/A/UIFoundation
0x0000000001091000 	/System/Library/PrivateFrameworks/DFRFoundation.framework/Versions/A/DFRFoundation
0x0000000001091000 	/System/Library/Frameworks/Metal.framework/Versions/A/Metal
0x0000000001091000 	/System/Library/PrivateFrameworks/DesktopServicesPriv.framework/Versions/A/DesktopServicesPriv
0x0000000001091000 	/usr/lib/libenergytrace.dylib
0x0000000001091000 	/System/Library/PrivateFrameworks/SkyLight.framework/Versions/A/SkyLight
0x0000000001091000 	/System/Library/Frameworks/CoreGraphics.framework/Versions/A/CoreGraphics
0x0000000001091000 	/usr/lib/libScreenReader.dylib
0x0000000001091000 	/System/Library/Frameworks/Accelerate.framework/Versions/A/Accelerate
0x0000000001091000 	/System/Library/Frameworks/IOSurface.framework/Versions/A/IOSurface
0x0000000001091000 	/System/Library/Frameworks/AudioToolbox.framework/Versions/A/AudioToolbox
0x0000000001091000 	/System/Library/Frameworks/AudioUnit.framework/Versions/A/AudioUnit
0x0000000001091000 	/System/Library/PrivateFrameworks/DataDetectorsCore.framework/Versions/A/DataDetectorsCore
0x0000000001091000 	/System/Library/Frameworks/Carbon.framework/Versions/A/Frameworks/HIToolbox.framework/Versions/A/HIToolbox
0x0000000001091000 	/usr/lib/libicucore.A.dylib
0x0000000001091000 	/System/Library/Frameworks/QuartzCore.framework/Versions/A/QuartzCore
0x0000000001091000 	/System/Library/PrivateFrameworks/SignpostNotification.framework/Versions/A/SignpostNotification
0x0000000001091000 	/System/Library/Frameworks/Carbon.framework/Versions/A/Frameworks/SpeechRecognition.framework/Versions/A/SpeechRecognition
0x0000000001091000 	/usr/lib/libauto.dylib
0x0000000001091000 	/usr/lib/libxml2.2.dylib
0x0000000001091000 	/System/Library/PrivateFrameworks/CoreUI.framework/Versions/A/CoreUI
0x0000000001091000 	/System/Library/Frameworks/CoreAudio.framework/Versions/A/CoreAudio
0x0000000001091000 	/System/Library/Frameworks/DiskArbitration.framework/Versions/A/DiskArbitration
0x0000000001091000 	/usr/lib/liblangid.dylib
0x0000000001091000 	/System/Library/PrivateFrameworks/MultitouchSupport.framework/Versions/A/MultitouchSupport
0x0000000001091000 	/System/Library/Frameworks/IOKit.framework/Versions/A/IOKit
0x0000000001091000 	/usr/lib/libDiagnosticMessagesClient.dylib
0x0000000001091000 	/System/Library/Frameworks/CoreServices.framework/Versions/A/CoreServices
0x0000000001091000 	/System/Library/PrivateFrameworks/PerformanceAnalysis.framework/Versions/A/PerformanceAnalysis
0x0000000001091000 	/System/Library/Frameworks/OpenGL.framework/Versions/A/OpenGL
0x0000000001091000 	/System/Library/Frameworks/ColorSync.framework/Versions/A/ColorSync
0x0000000001091000 	/System/Library/Frameworks/CoreImage.framework/Versions/A/CoreImage
0x0000000001091000 	/System/Library/Frameworks/CoreText.framework/Versions/A/CoreText
0x0000000001091000 	/System/Library/Frameworks/ImageIO.framework/Versions/A/ImageIO
0x0000000001091000 	/System/Library/PrivateFrameworks/Backup.framework/Versions/A/Backup
0x0000000001091000 	/usr/lib/libarchive.2.dylib
0x0000000001091000 	/System/Library/Frameworks/CFNetwork.framework/Versions/A/CFNetwork
0x0000000001091000 	/System/Library/Frameworks/SystemConfiguration.framework/Versions/A/SystemConfiguration
0x0000000001091000 	/usr/lib/libCRFSuite.dylib
0x0000000001091000 	/usr/lib/libc++.1.dylib
0x0000000001091000 	/usr/lib/libc++abi.dylib
0x0000000001091000 	/usr/lib/system/libcache.dylib
0x0000000001091000 	/usr/lib/system/libcommonCrypto.dylib
0x0000000001091000 	/usr/lib/system/libcompiler_rt.dylib
0x0000000001091000 	/usr/lib/system/libcopyfile.dylib
0x0000000001091000 	/usr/lib/system/libcorecrypto.dylib
0x0000000001091000 	/usr/lib/system/libdispatch.dylib
0x0000000001091000 	/usr/lib/system/libdyld.dylib
0x0000000001091000 	/usr/lib/system/libkeymgr.dylib
0x0000000001091000 	/usr/lib/system/liblaunch.dylib
0x0000000001091000 	/usr/lib/system/libmacho.dylib
0x0000000001091000 	/usr/lib/system/libquarantine.dylib
0x0000000001091000 	/usr/lib/system/libremovefile.dylib
0x0000000001091000 	/usr/lib/system/libsystem_asl.dylib
0x0000000001091000 	/usr/lib/system/libsystem_blocks.dylib
0x0000000001091000 	/usr/lib/system/libsystem_c.dylib
0x0000000001091000 	/usr/lib/system/libsystem_configuration.dylib
0x0000000001091000 	/usr/lib/system/libsystem_coreservices.dylib
0x0000000001091000 	/usr/lib/system/libsystem_darwin.dylib
0x0000000001091000 	/usr/lib/system/libsystem_dnssd.dylib
0x0000000001091000 	/usr/lib/system/libsystem_info.dylib
0x0000000001091000 	/usr/lib/system/libsystem_m.dylib
0x0000000001091000 	/usr/lib/system/libsystem_malloc.dylib
0x0000000001091000 	/usr/lib/system/libsystem_network.dylib
0x0000000001091000 	/usr/lib/system/libsystem_networkextension.dylib
0x0000000001091000 	/usr/lib/system/libsystem_notify.dylib
0x0000000001091000 	/usr/lib/system/libsystem_sandbox.dylib
0x0000000001091000 	/usr/lib/system/libsystem_secinit.dylib
0x0000000001091000 	/usr/lib/system/libsystem_kernel.dylib
0x0000000001091000 	/usr/lib/system/libsystem_platform.dylib
0x0000000001091000 	/usr/lib/system/libsystem_pthread.dylib
0x0000000001091000 	/usr/lib/system/libsystem_symptoms.dylib
0x0000000001091000 	/usr/lib/system/libsystem_trace.dylib
0x0000000001091000 	/usr/lib/system/libunwind.dylib
0x0000000001091000 	/usr/lib/system/libxpc.dylib
0x0000000001091000 	/usr/lib/closure/libclosured.dylib
0x0000000001091000 	/usr/lib/libbsm.0.dylib
0x0000000001091000 	/usr/lib/system/libkxld.dylib
0x0000000001091000 	/usr/lib/libOpenScriptingUtil.dylib
0x0000000001091000 	/usr/lib/libcoretls.dylib
0x0000000001091000 	/usr/lib/libcoretls_cfhelpers.dylib
0x0000000001091000 	/usr/lib/libpam.2.dylib
0x0000000001091000 	/usr/lib/libsqlite3.dylib
0x0000000001091000 	/usr/lib/libxar.1.dylib
0x0000000001091000 	/usr/lib/libbz2.1.0.dylib
0x0000000001091000 	/usr/lib/liblzma.5.dylib
0x0000000001091000 	/usr/lib/libnetwork.dylib
0x0000000001091000 	/usr/lib/libapple_nghttp2.dylib
0x0000000001091000 	/usr/lib/libpcap.A.dylib
0x0000000001091000 	/usr/lib/libboringssl.dylib
0x0000000001091000 	/usr/lib/libusrtcp.dylib
0x0000000001091000 	/usr/lib/libapple_crypto.dylib
0x0000000001091000 	/System/Library/Frameworks/CoreServices.framework/Versions/A/Frameworks/FSEvents.framework/Versions/A/FSEvents
0x0000000001091000 	/System/Library/Frameworks/CoreServices.framework/Versions/A/Frameworks/CarbonCore.framework/Versions/A/CarbonCore
0x0000000001091000 	/System/Library/Frameworks/CoreServices.framework/Versions/A/Frameworks/Metadata.framework/Versions/A/Metadata
0x0000000001091000 	/System/Library/Frameworks/CoreServices.framework/Versions/A/Frameworks/OSServices.framework/Versions/A/OSServices
0x0000000001091000 	/System/Library/Frameworks/CoreServices.framework/Versions/A/Frameworks/SearchKit.framework/Versions/A/SearchKit
0x0000000001091000 	/System/Library/Frameworks/CoreServices.framework/Versions/A/Frameworks/AE.framework/Versions/A/AE
0x0000000001091000 	/System/Library/Frameworks/CoreServices.framework/Versions/A/Frameworks/LaunchServices.framework/Versions/A/LaunchServices
0x0000000001091000 	/System/Library/Frameworks/CoreServices.framework/Versions/A/Frameworks/DictionaryServices.framework/Versions/A/DictionaryServices
0x0000000001091000 	/System/Library/Frameworks/CoreServices.framework/Versions/A/Frameworks/SharedFileList.framework/Versions/A/SharedFileList
0x0000000001091000 	/System/Library/Frameworks/NetFS.framework/Versions/A/NetFS
0x0000000001091000 	/System/Library/PrivateFrameworks/NetAuth.framework/Versions/A/NetAuth
0x0000000001091000 	/System/Library/PrivateFrameworks/login.framework/Versions/A/Frameworks/loginsupport.framework/Versions/A/loginsupport
0x0000000001091000 	/System/Library/PrivateFrameworks/TCC.framework/Versions/A/TCC
0x0000000001091000 	/usr/lib/libmecabra.dylib
0x0000000001091000 	/System/Library/Frameworks/ApplicationServices.framework/Versions/A/Frameworks/ATS.framework/Versions/A/ATS
0x0000000001091000 	/System/Library/Frameworks/ApplicationServices.framework/Versions/A/Frameworks/ColorSyncLegacy.framework/Versions/A/ColorSyncLegacy
0x0000000001091000 	/System/Library/Frameworks/ApplicationServices.framework/Versions/A/Frameworks/HIServices.framework/Versions/A/HIServices
0x0000000001091000 	/System/Library/Frameworks/ApplicationServices.framework/Versions/A/Frameworks/LangAnalysis.framework/Versions/A/LangAnalysis
0x0000000001091000 	/System/Library/Frameworks/ApplicationServices.framework/Versions/A/Frameworks/PrintCore.framework/Versions/A/PrintCore
0x0000000001091000 	/System/Library/Frameworks/ApplicationServices.framework/Versions/A/Frameworks/QD.framework/Versions/A/QD
0x0000000001091000 	/System/Library/Frameworks/ApplicationServices.framework/Versions/A/Frameworks/SpeechSynthesis.framework/Versions/A/SpeechSynthesis
0x0000000001091000 	/System/Library/Frameworks/CoreDisplay.framework/Versions/A/CoreDisplay
0x0000000001091000 	/System/Library/Frameworks/Accelerate.framework/Versions/A/Frameworks/vImage.framework/Versions/A/vImage
0x0000000001091000 	/System/Library/Frameworks/Accelerate.framework/Versions/A/Frameworks/vecLib.framework/Versions/A/vecLib
0x0000000001091000 	/System/Library/Frameworks/Accelerate.framework/Versions/A/Frameworks/vecLib.framework/Versions/A/libvDSP.dylib
0x0000000001091000 	/System/Library/Frameworks/Accelerate.framework/Versions/A/Frameworks/vecLib.framework/Versions/A/libBNNS.dylib
0x0000000001091000 	/System/Library/Frameworks/Accelerate.framework/Versions/A/Frameworks/vecLib.framework/Versions/A/libQuadrature.dylib
0x0000000001091000 	/System/Library/Frameworks/Accelerate.framework/Versions/A/Frameworks/vecLib.framework/Versions/A/libvMisc.dylib
0x0000000001091000 	/System/Library/Frameworks/Accelerate.framework/Versions/A/Frameworks/vecLib.framework/Versions/A/libLAPACK.dylib
0x0000000001091000 	/System/Library/Frameworks/Accelerate.framework/Versions/A/Frameworks/vecLib.framework/Versions/A/libBLAS.dylib
0x0000000001091000 	/System/Library/Frameworks/Accelerate.framework/Versions/A/Frameworks/vecLib.framework/Versions/A/libLinearAlgebra.dylib
0x0000000001091000 	/System/Library/Frameworks/Accelerate.framework/Versions/A/Frameworks/vecLib.framework/Versions/A/libSparse.dylib
0x0000000001091000 	/System/Library/Frameworks/Accelerate.framework/Versions/A/Frameworks/vecLib.framework/Versions/A/libSparseBLAS.dylib
0x0000000001091000 	/System/Library/PrivateFrameworks/GPUWrangler.framework/Versions/A/GPUWrangler
0x0000000001091000 	/System/Library/PrivateFrameworks/IOAccelerator.framework/Versions/A/IOAccelerator
0x0000000001091000 	/System/Library/PrivateFrameworks/IOPresentment.framework/Versions/A/IOPresentment
0x0000000001091000 	/System/Library/PrivateFrameworks/DSExternalDisplay.framework/Versions/A/DSExternalDisplay
0x0000000001091000 	/System/Library/Frameworks/OpenGL.framework/Versions/A/Libraries/libCoreFSCache.dylib
0x0000000001091000 	/System/Library/Frameworks/CoreVideo.framework/Versions/A/CoreVideo
0x0000000001091000 	/System/Library/PrivateFrameworks/GraphVisualizer.framework/Versions/A/GraphVisualizer
0x0000000001091000 	/System/Library/Frameworks/MetalPerformanceShaders.framework/Versions/A/MetalPerformanceShaders
0x0000000001091000 	/usr/lib/libFosl_dynamic.dylib
0x0000000001091000 	/System/Library/PrivateFrameworks/FaceCore.framework/Versions/A/FaceCore
0x0000000001091000 	/System/Library/Frameworks/OpenCL.framework/Versions/A/OpenCL
0x0000000001091000 	/usr/lib/libcompression.dylib
0x0000000001091000 	/System/Library/Frameworks/ApplicationServices.framework/Versions/A/Frameworks/ATS.framework/Versions/A/Resources/libFontParser.dylib
0x0000000001091000 	/System/Library/Frameworks/ApplicationServices.framework/Versions/A/Frameworks/ATS.framework/Versions/A/Resources/libFontRegistry.dylib
0x0000000001091000 	/System/Library/Frameworks/ImageIO.framework/Versions/A/Resources/libJPEG.dylib
0x0000000001091000 	/System/Library/Frameworks/ImageIO.framework/Versions/A/Resources/libTIFF.dylib
0x0000000001091000 	/System/Library/Frameworks/ImageIO.framework/Versions/A/Resources/libPng.dylib
0x0000000001091000 	/System/Library/Frameworks/ImageIO.framework/Versions/A/Resources/libGIF.dylib
0x0000000001091000 	/System/Library/Frameworks/ImageIO.framework/Versions/A/Resources/libJP2.dylib
0x0000000001091000 	/System/Library/Frameworks/ImageIO.framework/Versions/A/Resources/libRadiance.dylib
0x0000000001091000 	/System/Library/PrivateFrameworks/AppleJPEG.framework/Versions/A/AppleJPEG
0x0000000001091000 	/System/Library/Frameworks/MetalPerformanceShaders.framework/Frameworks/MPSCore.framework/Versions/A/MPSCore
0x0000000001091000 	/System/Library/Frameworks/MetalPerformanceShaders.framework/Frameworks/MPSImage.framework/Versions/A/MPSImage
0x0000000001091000 	/System/Library/Frameworks/MetalPerformanceShaders.framework/Frameworks/MPSNeuralNetwork.framework/Versions/A/MPSNeuralNetwork
0x0000000001091000 	/System/Library/Frameworks/MetalPerformanceShaders.framework/Frameworks/MPSMatrix.framework/Versions/A/MPSMatrix
0x0000000001091000 	/System/Library/PrivateFrameworks/MetalTools.framework/Versions/A/MetalTools
0x0000000001091000 	/System/Library/Frameworks/OpenGL.framework/Versions/A/Libraries/libGLU.dylib
0x0000000001091000 	/System/Library/Frameworks/OpenGL.framework/Versions/A/Libraries/libGFXShared.dylib
0x0000000001091000 	/System/Library/Frameworks/OpenGL.framework/Versions/A/Libraries/libGL.dylib
0x0000000001091000 	/System/Library/Frameworks/OpenGL.framework/Versions/A/Libraries/libGLImage.dylib
0x0000000001091000 	/System/Library/Frameworks/OpenGL.framework/Versions/A/Libraries/libCVMSPluginSupport.dylib
0x0000000001091000 	/System/Library/Frameworks/OpenGL.framework/Versions/A/Libraries/libCoreVMClient.dylib
0x0000000001091000 	/usr/lib/libcups.2.dylib
0x0000000001091000 	/System/Library/Frameworks/Kerberos.framework/Versions/A/Kerberos
0x0000000001091000 	/System/Library/Frameworks/GSS.framework/Versions/A/GSS
0x0000000001091000 	/usr/lib/libresolv.9.dylib
0x0000000001091000 	/usr/lib/libiconv.2.dylib
0x0000000001091000 	/System/Library/PrivateFrameworks/Heimdal.framework/Versions/A/Heimdal
0x0000000001091000 	/usr/lib/libheimdal-asn1.dylib
0x0000000001091000 	/System/Library/Frameworks/OpenDirectory.framework/Versions/A/OpenDirectory
0x0000000001091000 	/System/Library/PrivateFrameworks/CommonAuth.framework/Versions/A/CommonAuth
0x0000000001091000 	/System/Library/Frameworks/OpenDirectory.framework/Versions/A/Frameworks/CFOpenDirectory.framework/Versions/A/CFOpenDirectory
0x0000000001091000 	/System/Library/Frameworks/SecurityFoundation.framework/Versions/A/SecurityFoundation
0x0000000001091000 	/System/Library/PrivateFrameworks/APFS.framework/Versions/A/APFS
0x0000000001091000 	/usr/lib/libutil.dylib
0x0000000001091000 	/System/Library/PrivateFrameworks/AppleSauce.framework/Versions/A/AppleSauce
0x0000000001091000 	/System/Library/PrivateFrameworks/LinguisticData.framework/Versions/A/LinguisticData
0x0000000001091000 	/usr/lib/libmarisa.dylib
0x0000000001091000 	/System/Library/PrivateFrameworks/Lexicon.framework/Versions/A/Lexicon
0x0000000001091000 	/usr/lib/libChineseTokenizer.dylib
0x0000000001091000 	/usr/lib/libcmph.dylib
0x0000000001091000 	/System/Library/PrivateFrameworks/LanguageModeling.framework/Versions/A/LanguageModeling
0x0000000001091000 	/System/Library/PrivateFrameworks/CoreEmoji.framework/Versions/A/CoreEmoji
0x0000000001091000 	/System/Library/Frameworks/ServiceManagement.framework/Versions/A/ServiceManagement
0x0000000001091000 	/System/Library/PrivateFrameworks/BackgroundTaskManagement.framework/Versions/A/BackgroundTaskManagement
0x0000000001091000 	/usr/lib/libxslt.1.dylib
0x0000000001091000 	/System/Library/Frameworks/Carbon.framework/Versions/A/Frameworks/Ink.framework/Versions/A/Ink
0x0000000001091000 	/System/Library/PrivateFrameworks/TextureIO.framework/Versions/A/TextureIO
0x0000000001091000 	/usr/lib/libate.dylib
0x0000000001091000 	/System/Library/PrivateFrameworks/CrashReporterSupport.framework/Versions/A/CrashReporterSupport
0x0000000001091000 	/System/Library/PrivateFrameworks/Sharing.framework/Versions/A/Sharing
0x0000000001091000 	/System/Library/PrivateFrameworks/IconServices.framework/Versions/A/IconServices
0x0000000001091000 	/System/Library/PrivateFrameworks/AuthKit.framework/Versions/A/AuthKit
0x0000000001091000 	/System/Library/PrivateFrameworks/Apple80211.framework/Versions/A/Apple80211
0x0000000001091000 	/System/Library/PrivateFrameworks/CoreUtils.framework/Versions/A/CoreUtils
0x0000000001091000 	/System/Library/Frameworks/CoreWLAN.framework/Versions/A/CoreWLAN
0x0000000001091000 	/System/Library/Frameworks/IOBluetooth.framework/Versions/A/IOBluetooth
0x0000000001091000 	/System/Library/PrivateFrameworks/ProtocolBuffer.framework/Versions/A/ProtocolBuffer
0x0000000001091000 	/System/Library/PrivateFrameworks/MobileKeyBag.framework/Versions/A/MobileKeyBag
0x0000000001091000 	/System/Library/PrivateFrameworks/CorePhoneNumbers.framework/Versions/A/CorePhoneNumbers
0x0000000001091000 	/System/Library/PrivateFrameworks/AppleIDAuthSupport.framework/Versions/A/AppleIDAuthSupport
0x0000000001091000 	/System/Library/PrivateFrameworks/KeychainCircle.framework/Versions/A/KeychainCircle
0x0000000001091000 	/System/Library/PrivateFrameworks/CoreWiFi.framework/Versions/A/CoreWiFi
0x0000000001091000 	/System/Library/Frameworks/CoreBluetooth.framework/Versions/A/CoreBluetooth
0x0000000001091000 	/System/Library/PrivateFrameworks/DebugSymbols.framework/Versions/A/DebugSymbols
0x0000000001091000 	/System/Library/PrivateFrameworks/CoreSymbolication.framework/Versions/A/CoreSymbolication
0x0000000001091000 	/System/Library/PrivateFrameworks/Symbolication.framework/Versions/A/Symbolication
0x0000000001091000 	/System/Library/PrivateFrameworks/AppleFSCompression.framework/Versions/A/AppleFSCompression
0x0000000001091000 	/System/Library/PrivateFrameworks/SpeechRecognitionCore.framework/Versions/A/SpeechRecognitionCore
0x0000000001091000 	/System/Library/CoreServices/Encodings/libSimplifiedChineseConverter.dylib
0x0000000102600000 	/Library/Java/JavaVirtualMachines/jdk1.8.0_151.jdk/Contents/Home/jre/lib/server/libjvm.dylib
0x0000000001091000 	/usr/lib/libstdc++.6.0.9.dylib
0x0000000100f55000 	/Library/Java/JavaVirtualMachines/jdk1.8.0_151.jdk/Contents/Home/jre/lib/libverify.dylib
0x0000000100f63000 	/Library/Java/JavaVirtualMachines/jdk1.8.0_151.jdk/Contents/Home/jre/lib/libjava.dylib
0x0000000100f99000 	/Library/Java/JavaVirtualMachines/jdk1.8.0_151.jdk/Contents/Home/jre/lib/libjdwp.dylib
0x0000000100fe4000 	/Library/Java/JavaVirtualMachines/jdk1.8.0_151.jdk/Contents/Home/jre/lib/libnpt.dylib
0x0000000100fe8000 	/Library/Java/JavaVirtualMachines/jdk1.8.0_151.jdk/Contents/Home/jre/lib/libinstrument.dylib
0x0000000101086000 	/Library/Java/JavaVirtualMachines/jdk1.8.0_151.jdk/Contents/Home/jre/lib/libzip.dylib
0x0000000001091000 	/System/Library/Frameworks/JavaVM.framework/Versions/A/Frameworks/JavaRuntimeSupport.framework/Versions/A/JavaRuntimeSupport
0x0000000001091000 	/System/Library/Frameworks/JavaVM.framework/Versions/A/Frameworks/JavaNativeFoundation.framework/Versions/A/JavaNativeFoundation
0x0000000001091000 	/System/Library/Frameworks/JavaVM.framework/Versions/A/JavaVM
0x0000000001091000 	/System/Library/Frameworks/Carbon.framework/Versions/A/Carbon
0x0000000001091000 	/System/Library/PrivateFrameworks/JavaLaunching.framework/Versions/A/JavaLaunching
0x0000000001091000 	/System/Library/Frameworks/Carbon.framework/Versions/A/Frameworks/CommonPanels.framework/Versions/A/CommonPanels
0x0000000001091000 	/System/Library/Frameworks/Carbon.framework/Versions/A/Frameworks/Help.framework/Versions/A/Help
0x0000000001091000 	/System/Library/Frameworks/Carbon.framework/Versions/A/Frameworks/ImageCapture.framework/Versions/A/ImageCapture
0x0000000001091000 	/System/Library/Frameworks/Carbon.framework/Versions/A/Frameworks/OpenScripting.framework/Versions/A/OpenScripting
0x0000000001091000 	/System/Library/Frameworks/Carbon.framework/Versions/A/Frameworks/Print.framework/Versions/A/Print
0x0000000001091000 	/System/Library/Frameworks/Carbon.framework/Versions/A/Frameworks/SecurityHI.framework/Versions/A/SecurityHI
0x00000001015f4000 	/Library/Java/JavaVirtualMachines/jdk1.8.0_151.jdk/Contents/Home/jre/lib/libdt_socket.dylib

VM Arguments:
jvm_args: -agentlib:jdwp=transport=dt_socket,address=127.0.0.1:50911,suspend=y,server=n -Dspring.profiles.active=test -XX:TieredStopAtLevel=1 -Xverify:none -Dspring.output.ansi.enabled=always -Dcom.sun.management.jmxremote -Dcom.sun.management.jmxremote.port=50910 -Dcom.sun.management.jmxremote.authenticate=false -Dcom.sun.management.jmxremote.ssl=false -Djava.rmi.server.hostname=127.0.0.1 -Dspring.liveBeansView.mbeanDomain -Dspring.application.admin.enabled=true -javaagent:/Users/zhaozengbin/Library/Caches/IntelliJIdea2018.2/captureAgent/debugger-agent.jar=file:/private/var/folders/65/y2npng0j00b2k63pbk1gxsp40000gn/T/capture.props -Dfile.encoding=UTF-8 
java_command: com.saf.TomcatRun
java_class_path (initial): /Library/Java/JavaVirtualMachines/jdk1.8.0_151.jdk/Contents/Home/jre/lib/charsets.jar:/Library/Java/JavaVirtualMachines/jdk1.8.0_151.jdk/Contents/Home/jre/lib/deploy.jar:/Library/Java/JavaVirtualMachines/jdk1.8.0_151.jdk/Contents/Home/jre/lib/ext/cldrdata.jar:/Library/Java/JavaVirtualMachines/jdk1.8.0_151.jdk/Contents/Home/jre/lib/ext/dnsns.jar:/Library/Java/JavaVirtualMachines/jdk1.8.0_151.jdk/Contents/Home/jre/lib/ext/jaccess.jar:/Library/Java/JavaVirtualMachines/jdk1.8.0_151.jdk/Contents/Home/jre/lib/ext/jfxrt.jar:/Library/Java/JavaVirtualMachines/jdk1.8.0_151.jdk/Contents/Home/jre/lib/ext/localedata.jar:/Library/Java/JavaVirtualMachines/jdk1.8.0_151.jdk/Contents/Home/jre/lib/ext/nashorn.jar:/Library/Java/JavaVirtualMachines/jdk1.8.0_151.jdk/Contents/Home/jre/lib/ext/sunec.jar:/Library/Java/JavaVirtualMachines/jdk1.8.0_151.jdk/Contents/Home/jre/lib/ext/sunjce_provider.jar:/Library/Java/JavaVirtualMachines/jdk1.8.0_151.jdk/Contents/Home/jre/lib/ext/sunpkcs11.jar:/Library/Java/JavaVirtualMachines/jdk1.8.0_151.jdk/Contents/Home/jre/lib/ext/zipfs.jar:/Library/Java/JavaVirtualMachines/jdk1.8.0_151.jdk/Contents/Home/jre/lib/javaws.jar:/Library/Java/JavaVirtualMachines/jdk1.8.0_151.jdk/Contents/Home/jre/lib/jce.jar:/Library/Java/JavaVirtualMachines/jdk1.8.0_151.jdk/Contents/Home/jre/lib/jfr.jar:/Library/Java/JavaVirtualMachines/jdk1.8.0_151.jdk/Contents/Home/jre/lib/jfxswt.jar:/Library/Java/JavaVirtualMachines/jdk1.8.0_151.jdk/Contents/Home/jre/lib/jsse.jar:/Library/Java/JavaVirtualMachines/jdk1.8.0_151.jdk/Contents/Home/jre/lib/management-agent.jar:/Library/Java/JavaVirtualMachines/jdk1.8.0_151.jdk/Contents/Home/jre/lib/plugin.jar:/Library/Java/JavaVirtualMachines/jdk1.8.0_151.jdk/Contents/Home/jre/lib/resources.jar:/Library/Java/JavaVirtualMachines/jdk1.8.0_151.jdk/Contents/Home/jre/lib/rt.jar:/Library/Java/JavaVirtualMachines/jdk1.8.0_151.jdk/Contents/Home/lib/ant-javafx.jar:/Library/Java/JavaVirtualMachines/jdk1.8.0_151.jdk/Contents/Home
Launcher Type: SUN_STANDARD

Environment Variables:
JAVA_HOME=/Library/Java/JavaVirtualMachines/jdk1.8.0_151.jdk/Contents/Home/
PATH=/usr/local/opt/libxslt/bin:/usr/local/opt/libxml2/bin:/Users/zhaozengbin/soft/apache-maven-3.5.2/bin:/usr/local/bin:/usr/bin:/bin:/usr/sbin:/sbin:/usr/local/go/bin:/Applications/Wireshark.app/Contents/MacOS:/usr/local/Cellar/apache-spark/2.3.1/libexec/bin:/Library/Java/JavaVirtualMachines/jdk1.8.0_151.jdk/Contents/Home//bin:/usr/local/Cellar/mysql/bin:/Users/zhaozengbin/soft/apache-maven-3.5.2/bin:/usr/local/Cellar/hadoop/3.1.0/libexec/bin
SHELL=/bin/zsh

Signal Handlers:
SIGSEGV: [libjvm.dylib+0x5b27a5], sa_mask[0]=11111111011111110111111111111111, sa_flags=SA_ONSTACK|SA_RESTART|SA_SIGINFO
SIGBUS: [libjvm.dylib+0x5b27a5], sa_mask[0]=11111111011111110111111111111111, sa_flags=SA_RESTART|SA_SIGINFO
SIGFPE: [libjvm.dylib+0x4891c4], sa_mask[0]=11111111011111110111111111111111, sa_flags=SA_RESTART|SA_SIGINFO
SIGPIPE: [libjvm.dylib+0x4891c4], sa_mask[0]=11111111011111110111111111111111, sa_flags=SA_RESTART|SA_SIGINFO
SIGXFSZ: [libjvm.dylib+0x4891c4], sa_mask[0]=11111111011111110111111111111111, sa_flags=SA_RESTART|SA_SIGINFO
SIGILL: [libjvm.dylib+0x4891c4], sa_mask[0]=11111111011111110111111111111111, sa_flags=SA_RESTART|SA_SIGINFO
SIGUSR1: SIG_DFL, sa_mask[0]=00000000000000000000000000000000, sa_flags=none
SIGUSR2: [libjvm.dylib+0x488ce2], sa_mask[0]=00100000000000000000000000000000, sa_flags=SA_RESTART|SA_SIGINFO
SIGHUP: [libjvm.dylib+0x4872b9], sa_mask[0]=11111111011111110111111111111111, sa_flags=SA_RESTART|SA_SIGINFO
SIGINT: [libjvm.dylib+0x4872b9], sa_mask[0]=11111111011111110111111111111111, sa_flags=SA_RESTART|SA_SIGINFO
SIGTERM: [libjvm.dylib+0x4872b9], sa_mask[0]=11111111011111110111111111111111, sa_flags=SA_RESTART|SA_SIGINFO
SIGQUIT: [libjvm.dylib+0x4872b9], sa_mask[0]=11111111011111110111111111111111, sa_flags=SA_RESTART|SA_SIGINFO


---------------  S Y S T E M  ---------------

OS:Bsduname:Darwin 17.7.0 Darwin Kernel Version 17.7.0: Thu Jun 21 22:53:14 PDT 2018; root:xnu-4570.71.2~1/RELEASE_X86_64 x86_64
rlimit: STACK 8192k, CORE 0k, NPROC 1418, NOFILE 10240, AS infinity
load average:4.98 6.19 5.71

CPU:total 8 (initial active 8) (4 cores per cpu, 2 threads per core) family 6 model 70 stepping 1, cmov, cx8, fxsr, mmx, sse, sse2, sse3, ssse3, sse4.1, sse4.2, popcnt, avx, avx2, aes, clmul, erms, lzcnt, ht, tsc, tscinvbit, bmi1, bmi2

Memory: 4k page, physical 16777216k(184112k free)

/proc/meminfo:


vm_info: Java HotSpot(TM) 64-Bit Server VM (25.151-b12) for bsd-amd64 JRE (1.8.0_151-b12), built on Sep  5 2017 19:37:08 by "java_re" with gcc 4.2.1 (Based on Apple Inc. build 5658) (LLVM build 2336.11.00)

time: Fri Sep 21 11:07:47 2018
elapsed time: 0 seconds (0d 0h 0m 0s)

