2018-08-24 at 14:01:48 CST [background-preinit] INFO  org.hibernate.validator.internal.util.Version   - HV000001: Hibernate Validator 6.0.9.Final
2018-08-24 at 14:01:49 CST [main] INFO  com.saf.als.TomcatRun   - Starting TomcatRun on zhaozengbindeMacBook-Pro.local with PID 30284 (/Users/zhaozengbin/git/com-saf-parent/com-saf-als/target/classes started by zhaozengbin in /Users/zhaozengbin/git/com-saf-parent)
2018-08-24 at 14:01:49 CST [main] INFO  com.saf.als.TomcatRun   - The following profiles are active: @profiles.active@
2018-08-24 at 14:01:49 CST [main] INFO  org.springframework.boot.web.servlet.context.AnnotationConfigServletWebServerApplicationContext   - Refreshing org.springframework.boot.web.servlet.context.AnnotationConfigServletWebServerApplicationContext@12c7a01b: startup date [Fri Aug 24 14:01:49 CST 2018]; root of context hierarchy
2018-08-24 at 14:01:49 CST [main] WARN  org.mybatis.spring.mapper.ClassPathMapperScanner   - No MyBatis mapper was found in '[com.saf.als]' package. Please check your configuration.
2018-08-24 at 14:01:50 CST [main] INFO  org.springframework.beans.factory.annotation.AutowiredAnnotationBeanPostProcessor   - JSR-330 'javax.inject.Inject' annotation found and supported for autowiring
2018-08-24 at 14:01:50 CST [main] INFO  org.springframework.context.support.PostProcessorRegistrationDelegate$BeanPostProcessorChecker   - Bean 'org.springframework.amqp.rabbit.annotation.RabbitBootstrapConfiguration' of type [org.springframework.amqp.rabbit.annotation.RabbitBootstrapConfiguration$$EnhancerBySpringCGLIB$$d8cfc0e6] is not eligible for getting processed by all BeanPostProcessors (for example: not eligible for auto-proxying)
2018-08-24 at 14:01:50 CST [main] INFO  org.springframework.context.support.PostProcessorRegistrationDelegate$BeanPostProcessorChecker   - Bean 'org.springframework.kafka.annotation.KafkaBootstrapConfiguration' of type [org.springframework.kafka.annotation.KafkaBootstrapConfiguration$$EnhancerBySpringCGLIB$$e616143b] is not eligible for getting processed by all BeanPostProcessors (for example: not eligible for auto-proxying)
2018-08-24 at 14:01:50 CST [main] INFO  org.springframework.context.support.PostProcessorRegistrationDelegate$BeanPostProcessorChecker   - Bean 'org.springframework.transaction.annotation.ProxyTransactionManagementConfiguration' of type [org.springframework.transaction.annotation.ProxyTransactionManagementConfiguration$$EnhancerBySpringCGLIB$$126402b8] is not eligible for getting processed by all BeanPostProcessors (for example: not eligible for auto-proxying)
2018-08-24 at 15:37:42 CST [background-preinit] INFO  org.hibernate.validator.internal.util.Version   - HV000001: Hibernate Validator 6.0.9.Final
2018-08-24 at 15:37:43 CST [main] INFO  com.saf.als.TomcatRun   - Starting TomcatRun on zhaozengbindeMacBook-Pro.local with PID 31215 (/Users/zhaozengbin/git/com-saf-parent/com-saf-als/target/classes started by zhaozengbin in /Users/zhaozengbin/git/com-saf-parent)
2018-08-24 at 15:37:43 CST [main] INFO  com.saf.als.TomcatRun   - The following profiles are active: @profiles.active@
2018-08-24 at 15:37:43 CST [main] INFO  org.springframework.boot.web.servlet.context.AnnotationConfigServletWebServerApplicationContext   - Refreshing org.springframework.boot.web.servlet.context.AnnotationConfigServletWebServerApplicationContext@497570fb: startup date [Fri Aug 24 15:37:43 CST 2018]; root of context hierarchy
2018-08-24 at 15:37:44 CST [main] INFO  org.springframework.beans.factory.annotation.AutowiredAnnotationBeanPostProcessor   - JSR-330 'javax.inject.Inject' annotation found and supported for autowiring
2018-08-24 at 15:37:44 CST [main] INFO  org.springframework.context.support.PostProcessorRegistrationDelegate$BeanPostProcessorChecker   - Bean 'org.springframework.transaction.annotation.ProxyTransactionManagementConfiguration' of type [org.springframework.transaction.annotation.ProxyTransactionManagementConfiguration$$EnhancerBySpringCGLIB$$561eb356] is not eligible for getting processed by all BeanPostProcessors (for example: not eligible for auto-proxying)
2018-08-24 at 15:37:44 CST [main] INFO  org.springframework.boot.web.embedded.tomcat.TomcatWebServer   - Tomcat initialized with port(s): 8080 (http)
2018-08-24 at 15:37:45 CST [localhost-startStop-1] INFO  org.springframework.web.context.ContextLoader   - Root WebApplicationContext: initialization completed in 1735 ms
2018-08-24 at 15:37:45 CST [localhost-startStop-1] INFO  org.springframework.boot.web.servlet.ServletRegistrationBean   - Servlet dispatcherServlet mapped to [/]
2018-08-24 at 15:37:45 CST [localhost-startStop-1] INFO  org.springframework.boot.web.servlet.FilterRegistrationBean   - Mapping filter: 'characterEncodingFilter' to: [/*]
2018-08-24 at 15:37:45 CST [localhost-startStop-1] INFO  org.springframework.boot.web.servlet.FilterRegistrationBean   - Mapping filter: 'hiddenHttpMethodFilter' to: [/*]
2018-08-24 at 15:37:45 CST [localhost-startStop-1] INFO  org.springframework.boot.web.servlet.FilterRegistrationBean   - Mapping filter: 'httpPutFormContentFilter' to: [/*]
2018-08-24 at 15:37:45 CST [localhost-startStop-1] INFO  org.springframework.boot.web.servlet.FilterRegistrationBean   - Mapping filter: 'requestContextFilter' to: [/*]
2018-08-24 at 15:37:45 CST [main] INFO  org.springframework.jdbc.datasource.init.ScriptUtils   - Executing SQL script from URL [file:/Users/zhaozengbin/git/com-saf-parent/com-saf-core/target/classes/schema.sql]
2018-08-24 at 15:37:45 CST [main] INFO  org.springframework.jdbc.datasource.init.ScriptUtils   - Executed SQL script from URL [file:/Users/zhaozengbin/git/com-saf-parent/com-saf-core/target/classes/schema.sql] in 39 ms.
2018-08-24 at 15:37:45 CST [main] INFO  org.springframework.jdbc.datasource.init.ScriptUtils   - Executing SQL script from URL [file:/Users/zhaozengbin/git/com-saf-parent/com-saf-core/target/classes/data.sql]
2018-08-24 at 15:37:45 CST [main] WARN  org.springframework.boot.web.servlet.context.AnnotationConfigServletWebServerApplicationContext   - Exception encountered during context initialization - cancelling refresh attempt: org.springframework.beans.factory.UnsatisfiedDependencyException: Error creating bean with name 'org.springframework.boot.autoconfigure.orm.jpa.HibernateJpaConfiguration': Unsatisfied dependency expressed through constructor parameter 0; nested exception is org.springframework.beans.factory.BeanCreationException: Error creating bean with name 'dataSource' defined in class path resource [org/springframework/boot/autoconfigure/jdbc/DataSourceConfiguration$Hikari.class]: Initialization of bean failed; nested exception is org.springframework.beans.factory.BeanCreationException: Error creating bean with name 'org.springframework.boot.autoconfigure.jdbc.DataSourceInitializerInvoker': Invocation of init method failed; nested exception is org.springframework.jdbc.datasource.init.ScriptStatementFailedException: Failed to execute SQL script statement #1 of URL [file:/Users/zhaozengbin/git/com-saf-parent/com-saf-core/target/classes/data.sql]: insert into sec_user values('admin','admin'); nested exception is org.h2.jdbc.JdbcSQLException: Column count does not match; SQL statement:
insert into sec_user values('admin','admin') [21002-197]
2018-08-24 at 15:39:54 CST [background-preinit] INFO  org.hibernate.validator.internal.util.Version   - HV000001: Hibernate Validator 6.0.9.Final
2018-08-24 at 15:39:54 CST [main] INFO  com.saf.als.TomcatRun   - Starting TomcatRun on zhaozengbindeMacBook-Pro.local with PID 31538 (/Users/zhaozengbin/git/com-saf-parent/com-saf-als/target/classes started by zhaozengbin in /Users/zhaozengbin/git/com-saf-parent)
2018-08-24 at 15:39:54 CST [main] INFO  com.saf.als.TomcatRun   - The following profiles are active: @profiles.active@
2018-08-24 at 15:39:55 CST [main] INFO  org.springframework.boot.web.servlet.context.AnnotationConfigServletWebServerApplicationContext   - Refreshing org.springframework.boot.web.servlet.context.AnnotationConfigServletWebServerApplicationContext@5fd9b663: startup date [Fri Aug 24 15:39:55 CST 2018]; root of context hierarchy
2018-08-24 at 15:39:56 CST [main] INFO  org.springframework.beans.factory.annotation.AutowiredAnnotationBeanPostProcessor   - JSR-330 'javax.inject.Inject' annotation found and supported for autowiring
2018-08-24 at 15:39:56 CST [main] INFO  org.springframework.context.support.PostProcessorRegistrationDelegate$BeanPostProcessorChecker   - Bean 'org.springframework.transaction.annotation.ProxyTransactionManagementConfiguration' of type [org.springframework.transaction.annotation.ProxyTransactionManagementConfiguration$$EnhancerBySpringCGLIB$$283ec6aa] is not eligible for getting processed by all BeanPostProcessors (for example: not eligible for auto-proxying)
2018-08-24 at 15:39:57 CST [main] INFO  org.springframework.boot.web.embedded.tomcat.TomcatWebServer   - Tomcat initialized with port(s): 8080 (http)
2018-08-24 at 15:39:57 CST [localhost-startStop-1] INFO  org.springframework.web.context.ContextLoader   - Root WebApplicationContext: initialization completed in 2206 ms
2018-08-24 at 15:39:57 CST [localhost-startStop-1] INFO  org.springframework.boot.web.servlet.ServletRegistrationBean   - Servlet dispatcherServlet mapped to [/]
2018-08-24 at 15:39:57 CST [localhost-startStop-1] INFO  org.springframework.boot.web.servlet.FilterRegistrationBean   - Mapping filter: 'characterEncodingFilter' to: [/*]
2018-08-24 at 15:39:57 CST [localhost-startStop-1] INFO  org.springframework.boot.web.servlet.FilterRegistrationBean   - Mapping filter: 'hiddenHttpMethodFilter' to: [/*]
2018-08-24 at 15:39:57 CST [localhost-startStop-1] INFO  org.springframework.boot.web.servlet.FilterRegistrationBean   - Mapping filter: 'httpPutFormContentFilter' to: [/*]
2018-08-24 at 15:39:57 CST [localhost-startStop-1] INFO  org.springframework.boot.web.servlet.FilterRegistrationBean   - Mapping filter: 'requestContextFilter' to: [/*]
2018-08-24 at 15:39:57 CST [main] INFO  org.springframework.jdbc.datasource.init.ScriptUtils   - Executing SQL script from URL [file:/Users/zhaozengbin/git/com-saf-parent/com-saf-core/target/classes/schema.sql]
2018-08-24 at 15:39:57 CST [main] INFO  org.springframework.jdbc.datasource.init.ScriptUtils   - Executed SQL script from URL [file:/Users/zhaozengbin/git/com-saf-parent/com-saf-core/target/classes/schema.sql] in 44 ms.
2018-08-24 at 15:39:57 CST [main] INFO  org.springframework.jdbc.datasource.init.ScriptUtils   - Executing SQL script from URL [file:/Users/zhaozengbin/git/com-saf-parent/com-saf-core/target/classes/data.sql]
2018-08-24 at 15:39:57 CST [main] WARN  org.springframework.boot.web.servlet.context.AnnotationConfigServletWebServerApplicationContext   - Exception encountered during context initialization - cancelling refresh attempt: org.springframework.beans.factory.UnsatisfiedDependencyException: Error creating bean with name 'org.springframework.boot.autoconfigure.orm.jpa.HibernateJpaConfiguration': Unsatisfied dependency expressed through constructor parameter 0; nested exception is org.springframework.beans.factory.BeanCreationException: Error creating bean with name 'dataSource' defined in class path resource [org/springframework/boot/autoconfigure/jdbc/DataSourceConfiguration$Hikari.class]: Initialization of bean failed; nested exception is org.springframework.beans.factory.BeanCreationException: Error creating bean with name 'org.springframework.boot.autoconfigure.jdbc.DataSourceInitializerInvoker': Invocation of init method failed; nested exception is org.springframework.jdbc.datasource.init.ScriptStatementFailedException: Failed to execute SQL script statement #1 of URL [file:/Users/zhaozengbin/git/com-saf-parent/com-saf-core/target/classes/data.sql]: insert into sec_user values('admin','admin'); nested exception is org.h2.jdbc.JdbcSQLException: Column count does not match; SQL statement:
insert into sec_user values('admin','admin') [21002-197]
2018-08-24 at 15:42:51 CST [background-preinit] INFO  org.hibernate.validator.internal.util.Version   - HV000001: Hibernate Validator 6.0.9.Final
2018-08-24 at 15:42:51 CST [main] INFO  com.saf.als.TomcatRun   - Starting TomcatRun on zhaozengbindeMacBook-Pro.local with PID 31579 (/Users/zhaozengbin/git/com-saf-parent/com-saf-als/target/classes started by zhaozengbin in /Users/zhaozengbin/git/com-saf-parent)
2018-08-24 at 15:42:51 CST [main] INFO  com.saf.als.TomcatRun   - The following profiles are active: @profiles.active@
2018-08-24 at 15:42:51 CST [main] INFO  org.springframework.boot.web.servlet.context.AnnotationConfigServletWebServerApplicationContext   - Refreshing org.springframework.boot.web.servlet.context.AnnotationConfigServletWebServerApplicationContext@53b98ff6: startup date [Fri Aug 24 15:42:51 CST 2018]; root of context hierarchy
2018-08-24 at 15:42:52 CST [main] INFO  org.springframework.beans.factory.annotation.AutowiredAnnotationBeanPostProcessor   - JSR-330 'javax.inject.Inject' annotation found and supported for autowiring
2018-08-24 at 15:42:52 CST [main] INFO  org.springframework.context.support.PostProcessorRegistrationDelegate$BeanPostProcessorChecker   - Bean 'org.springframework.transaction.annotation.ProxyTransactionManagementConfiguration' of type [org.springframework.transaction.annotation.ProxyTransactionManagementConfiguration$$EnhancerBySpringCGLIB$$f67972b6] is not eligible for getting processed by all BeanPostProcessors (for example: not eligible for auto-proxying)
2018-08-24 at 15:42:53 CST [main] INFO  org.springframework.boot.web.embedded.tomcat.TomcatWebServer   - Tomcat initialized with port(s): 8080 (http)
2018-08-24 at 15:42:53 CST [localhost-startStop-1] INFO  org.springframework.web.context.ContextLoader   - Root WebApplicationContext: initialization completed in 1548 ms
2018-08-24 at 15:42:53 CST [localhost-startStop-1] INFO  org.springframework.boot.web.servlet.ServletRegistrationBean   - Servlet dispatcherServlet mapped to [/]
2018-08-24 at 15:42:53 CST [localhost-startStop-1] INFO  org.springframework.boot.web.servlet.FilterRegistrationBean   - Mapping filter: 'characterEncodingFilter' to: [/*]
2018-08-24 at 15:42:53 CST [localhost-startStop-1] INFO  org.springframework.boot.web.servlet.FilterRegistrationBean   - Mapping filter: 'hiddenHttpMethodFilter' to: [/*]
2018-08-24 at 15:42:53 CST [localhost-startStop-1] INFO  org.springframework.boot.web.servlet.FilterRegistrationBean   - Mapping filter: 'httpPutFormContentFilter' to: [/*]
2018-08-24 at 15:42:53 CST [localhost-startStop-1] INFO  org.springframework.boot.web.servlet.FilterRegistrationBean   - Mapping filter: 'requestContextFilter' to: [/*]
2018-08-24 at 15:42:53 CST [main] INFO  org.springframework.jdbc.datasource.init.ScriptUtils   - Executing SQL script from URL [file:/Users/zhaozengbin/git/com-saf-parent/com-saf-core/target/classes/schema.sql]
2018-08-24 at 15:42:53 CST [main] INFO  org.springframework.jdbc.datasource.init.ScriptUtils   - Executed SQL script from URL [file:/Users/zhaozengbin/git/com-saf-parent/com-saf-core/target/classes/schema.sql] in 31 ms.
2018-08-24 at 15:42:53 CST [main] INFO  org.springframework.jdbc.datasource.init.ScriptUtils   - Executing SQL script from URL [file:/Users/zhaozengbin/git/com-saf-parent/com-saf-core/target/classes/data.sql]
2018-08-24 at 15:42:53 CST [main] WARN  org.springframework.boot.web.servlet.context.AnnotationConfigServletWebServerApplicationContext   - Exception encountered during context initialization - cancelling refresh attempt: org.springframework.beans.factory.UnsatisfiedDependencyException: Error creating bean with name 'org.springframework.boot.autoconfigure.orm.jpa.HibernateJpaConfiguration': Unsatisfied dependency expressed through constructor parameter 0; nested exception is org.springframework.beans.factory.BeanCreationException: Error creating bean with name 'dataSource' defined in class path resource [org/springframework/boot/autoconfigure/jdbc/DataSourceConfiguration$Hikari.class]: Initialization of bean failed; nested exception is org.springframework.beans.factory.BeanCreationException: Error creating bean with name 'org.springframework.boot.autoconfigure.jdbc.DataSourceInitializerInvoker': Invocation of init method failed; nested exception is org.springframework.jdbc.datasource.init.ScriptStatementFailedException: Failed to execute SQL script statement #1 of URL [file:/Users/zhaozengbin/git/com-saf-parent/com-saf-core/target/classes/data.sql]: insert into sec_user values('admin','admin'); nested exception is org.h2.jdbc.JdbcSQLException: Column count does not match; SQL statement:
insert into sec_user values('admin','admin') [21002-197]
